<?xml version="1.0" encoding="UTF-8"?>
<testsuite xmlns:xsi="http://www.w3.org/2001/XMLSchema-instance" xsi:noNamespaceSchemaLocation="https://maven.apache.org/surefire/maven-surefire-plugin/xsd/surefire-test-report-3.0.xsd" version="3.0" name="org.ow2.authzforce.core.pdp.impl.test.MainTest" time="1.54" tests="685" errors="0" skipped="0" failures="0">
  <properties>
[...]
</properties>
  <testcase name="testEvaluate[0: urn:oasis:names:tc:xacml:1.0:function:string-equal]" classname="org.ow2.authzforce.core.pdp.impl.test.func.EqualityFunctionsTest" time="0.008"/>
  <testcase name="testEvaluate[1: urn:oasis:names:tc:xacml:1.0:function:string-equal]" classname="org.ow2.authzforce.core.pdp.impl.test.func.EqualityFunctionsTest" time="0.0"/>
  <testcase name="testEvaluate[2: urn:oasis:names:tc:xacml:1.0:function:string-equal]" classname="org.ow2.authzforce.core.pdp.impl.test.func.EqualityFunctionsTest" time="0.0"/>
  <testcase name="testEvaluate[3: urn:oasis:names:tc:xacml:3.0:function:string-equal-ignore-case]" classname="org.ow2.authzforce.core.pdp.impl.test.func.EqualityFunctionsTest" time="0.001"/>
  <testcase name="testEvaluate[4: urn:oasis:names:tc:xacml:3.0:function:string-equal-ignore-case]" classname="org.ow2.authzforce.core.pdp.impl.test.func.EqualityFunctionsTest" time="0.0"/>
  <testcase name="testEvaluate[5: urn:oasis:names:tc:xacml:3.0:function:string-equal-ignore-case]" classname="org.ow2.authzforce.core.pdp.impl.test.func.EqualityFunctionsTest" time="0.0"/>
  <testcase name="testEvaluate[6: urn:oasis:names:tc:xacml:1.0:function:boolean-equal]" classname="org.ow2.authzforce.core.pdp.impl.test.func.EqualityFunctionsTest" time="0.001"/>
  <testcase name="testEvaluate[7: urn:oasis:names:tc:xacml:1.0:function:boolean-equal]" classname="org.ow2.authzforce.core.pdp.impl.test.func.EqualityFunctionsTest" time="0.001"/>
  <testcase name="testEvaluate[8: urn:oasis:names:tc:xacml:1.0:function:integer-equal]" classname="org.ow2.authzforce.core.pdp.impl.test.func.EqualityFunctionsTest" time="0.001"/>
  <testcase name="testEvaluate[9: urn:oasis:names:tc:xacml:1.0:function:integer-equal]" classname="org.ow2.authzforce.core.pdp.impl.test.func.EqualityFunctionsTest" time="0.001"/>
  <testcase name="testEvaluate[10: urn:oasis:names:tc:xacml:1.0:function:double-equal]" classname="org.ow2.authzforce.core.pdp.impl.test.func.EqualityFunctionsTest" time="0.0"/>
  <testcase name="testEvaluate[11: urn:oasis:names:tc:xacml:1.0:function:double-equal]" classname="org.ow2.authzforce.core.pdp.impl.test.func.EqualityFunctionsTest" time="0.001"/>
  <testcase name="testEvaluate[12: urn:oasis:names:tc:xacml:1.0:function:date-equal]" classname="org.ow2.authzforce.core.pdp.impl.test.func.EqualityFunctionsTest" time="0.001"/>
  <testcase name="testEvaluate[13: urn:oasis:names:tc:xacml:1.0:function:date-equal]" classname="org.ow2.authzforce.core.pdp.impl.test.func.EqualityFunctionsTest" time="0.0"/>
  <testcase name="testEvaluate[14: urn:oasis:names:tc:xacml:1.0:function:time-equal]" classname="org.ow2.authzforce.core.pdp.impl.test.func.EqualityFunctionsTest" time="0.001"/>
  <testcase name="testEvaluate[15: urn:oasis:names:tc:xacml:1.0:function:time-equal]" classname="org.ow2.authzforce.core.pdp.impl.test.func.EqualityFunctionsTest" time="0.002"/>
  <testcase name="testEvaluate[16: urn:oasis:names:tc:xacml:1.0:function:dateTime-equal]" classname="org.ow2.authzforce.core.pdp.impl.test.func.EqualityFunctionsTest" time="0.0"/>
  <testcase name="testEvaluate[17: urn:oasis:names:tc:xacml:1.0:function:dateTime-equal]" classname="org.ow2.authzforce.core.pdp.impl.test.func.EqualityFunctionsTest" time="0.001"/>
  <testcase name="testEvaluate[18: urn:oasis:names:tc:xacml:1.0:function:dateTime-equal]" classname="org.ow2.authzforce.core.pdp.impl.test.func.EqualityFunctionsTest" time="0.0"/>
  <testcase name="testEvaluate[19: urn:oasis:names:tc:xacml:3.0:function:dayTimeDuration-equal]" classname="org.ow2.authzforce.core.pdp.impl.test.func.EqualityFunctionsTest" time="0.001"/>
  <testcase name="testEvaluate[20: urn:oasis:names:tc:xacml:3.0:function:dayTimeDuration-equal]" classname="org.ow2.authzforce.core.pdp.impl.test.func.EqualityFunctionsTest" time="0.001"/>
  <testcase name="testEvaluate[21: urn:oasis:names:tc:xacml:3.0:function:dayTimeDuration-equal]" classname="org.ow2.authzforce.core.pdp.impl.test.func.EqualityFunctionsTest" time="0.001"/>
  <testcase name="testEvaluate[22: urn:oasis:names:tc:xacml:3.0:function:yearMonthDuration-equal]" classname="org.ow2.authzforce.core.pdp.impl.test.func.EqualityFunctionsTest" time="0.0"/>
  <testcase name="testEvaluate[23: urn:oasis:names:tc:xacml:3.0:function:yearMonthDuration-equal]" classname="org.ow2.authzforce.core.pdp.impl.test.func.EqualityFunctionsTest" time="0.001"/>
  <testcase name="testEvaluate[24: urn:oasis:names:tc:xacml:3.0:function:yearMonthDuration-equal]" classname="org.ow2.authzforce.core.pdp.impl.test.func.EqualityFunctionsTest" time="0.0"/>
  <testcase name="testEvaluate[25: urn:oasis:names:tc:xacml:1.0:function:anyURI-equal]" classname="org.ow2.authzforce.core.pdp.impl.test.func.EqualityFunctionsTest" time="0.0"/>
  <testcase name="testEvaluate[26: urn:oasis:names:tc:xacml:1.0:function:anyURI-equal]" classname="org.ow2.authzforce.core.pdp.impl.test.func.EqualityFunctionsTest" time="0.001"/>
  <testcase name="testEvaluate[27: urn:oasis:names:tc:xacml:1.0:function:x500Name-equal]" classname="org.ow2.authzforce.core.pdp.impl.test.func.EqualityFunctionsTest" time="0.0"/>
  <testcase name="testEvaluate[28: urn:oasis:names:tc:xacml:1.0:function:x500Name-equal]" classname="org.ow2.authzforce.core.pdp.impl.test.func.EqualityFunctionsTest" time="0.001"/>
  <testcase name="testEvaluate[29: urn:oasis:names:tc:xacml:1.0:function:x500Name-equal]" classname="org.ow2.authzforce.core.pdp.impl.test.func.EqualityFunctionsTest" time="0.0"/>
  <testcase name="testEvaluate[30: urn:oasis:names:tc:xacml:1.0:function:rfc822Name-equal]" classname="org.ow2.authzforce.core.pdp.impl.test.func.EqualityFunctionsTest" time="0.001"/>
  <testcase name="testEvaluate[31: urn:oasis:names:tc:xacml:1.0:function:rfc822Name-equal]" classname="org.ow2.authzforce.core.pdp.impl.test.func.EqualityFunctionsTest" time="0.0"/>
  <testcase name="testEvaluate[32: urn:oasis:names:tc:xacml:1.0:function:rfc822Name-equal]" classname="org.ow2.authzforce.core.pdp.impl.test.func.EqualityFunctionsTest" time="0.001"/>
  <testcase name="testEvaluate[33: urn:oasis:names:tc:xacml:1.0:function:rfc822Name-equal]" classname="org.ow2.authzforce.core.pdp.impl.test.func.EqualityFunctionsTest" time="0.0"/>
  <testcase name="testEvaluate[34: urn:oasis:names:tc:xacml:1.0:function:hexBinary-equal]" classname="org.ow2.authzforce.core.pdp.impl.test.func.EqualityFunctionsTest" time="0.001"/>
  <testcase name="testEvaluate[35: urn:oasis:names:tc:xacml:1.0:function:hexBinary-equal]" classname="org.ow2.authzforce.core.pdp.impl.test.func.EqualityFunctionsTest" time="0.0"/>
  <testcase name="testEvaluate[36: urn:oasis:names:tc:xacml:1.0:function:base64Binary-equal]" classname="org.ow2.authzforce.core.pdp.impl.test.func.EqualityFunctionsTest" time="0.001"/>
  <testcase name="testEvaluate[37: urn:oasis:names:tc:xacml:1.0:function:base64Binary-equal]" classname="org.ow2.authzforce.core.pdp.impl.test.func.EqualityFunctionsTest" time="0.0"/>
  <testcase name="testEvaluate[0: urn:oasis:names:tc:xacml:1.0:function:integer-add]" classname="org.ow2.authzforce.core.pdp.impl.test.func.NumericArithmeticFunctionsTest" time="0.002"/>
  <testcase name="testEvaluate[1: urn:oasis:names:tc:xacml:1.0:function:integer-add]" classname="org.ow2.authzforce.core.pdp.impl.test.func.NumericArithmeticFunctionsTest" time="0.001"/>
  <testcase name="testEvaluate[2: urn:oasis:names:tc:xacml:1.0:function:integer-add]" classname="org.ow2.authzforce.core.pdp.impl.test.func.NumericArithmeticFunctionsTest" time="0.001"/>
  <testcase name="testEvaluate[3: urn:oasis:names:tc:xacml:1.0:function:double-add]" classname="org.ow2.authzforce.core.pdp.impl.test.func.NumericArithmeticFunctionsTest" time="0.0"/>
  <testcase name="testEvaluate[4: urn:oasis:names:tc:xacml:1.0:function:double-add]" classname="org.ow2.authzforce.core.pdp.impl.test.func.NumericArithmeticFunctionsTest" time="0.0"/>
  <testcase name="testEvaluate[5: urn:oasis:names:tc:xacml:1.0:function:double-add]" classname="org.ow2.authzforce.core.pdp.impl.test.func.NumericArithmeticFunctionsTest" time="0.001"/>
  <testcase name="testEvaluate[6: urn:oasis:names:tc:xacml:1.0:function:integer-subtract]" classname="org.ow2.authzforce.core.pdp.impl.test.func.NumericArithmeticFunctionsTest" time="0.001"/>
  <testcase name="testEvaluate[7: urn:oasis:names:tc:xacml:1.0:function:integer-subtract]" classname="org.ow2.authzforce.core.pdp.impl.test.func.NumericArithmeticFunctionsTest" time="0.001"/>
  <testcase name="testEvaluate[8: urn:oasis:names:tc:xacml:1.0:function:double-subtract]" classname="org.ow2.authzforce.core.pdp.impl.test.func.NumericArithmeticFunctionsTest" time="0.0"/>
  <testcase name="testEvaluate[9: urn:oasis:names:tc:xacml:1.0:function:double-subtract]" classname="org.ow2.authzforce.core.pdp.impl.test.func.NumericArithmeticFunctionsTest" time="0.0"/>
  <testcase name="testEvaluate[10: urn:oasis:names:tc:xacml:1.0:function:integer-multiply]" classname="org.ow2.authzforce.core.pdp.impl.test.func.NumericArithmeticFunctionsTest" time="0.001"/>
  <testcase name="testEvaluate[11: urn:oasis:names:tc:xacml:1.0:function:integer-multiply]" classname="org.ow2.authzforce.core.pdp.impl.test.func.NumericArithmeticFunctionsTest" time="0.0"/>
  <testcase name="testEvaluate[12: urn:oasis:names:tc:xacml:1.0:function:integer-multiply]" classname="org.ow2.authzforce.core.pdp.impl.test.func.NumericArithmeticFunctionsTest" time="0.001"/>
  <testcase name="testEvaluate[13: urn:oasis:names:tc:xacml:1.0:function:double-multiply]" classname="org.ow2.authzforce.core.pdp.impl.test.func.NumericArithmeticFunctionsTest" time="0.0"/>
  <testcase name="testEvaluate[14: urn:oasis:names:tc:xacml:1.0:function:double-multiply]" classname="org.ow2.authzforce.core.pdp.impl.test.func.NumericArithmeticFunctionsTest" time="0.0"/>
  <testcase name="testEvaluate[15: urn:oasis:names:tc:xacml:1.0:function:double-multiply]" classname="org.ow2.authzforce.core.pdp.impl.test.func.NumericArithmeticFunctionsTest" time="0.0"/>
  <testcase name="testEvaluate[16: urn:oasis:names:tc:xacml:1.0:function:integer-divide]" classname="org.ow2.authzforce.core.pdp.impl.test.func.NumericArithmeticFunctionsTest" time="0.001"/>
  <testcase name="testEvaluate[17: urn:oasis:names:tc:xacml:1.0:function:integer-divide]" classname="org.ow2.authzforce.core.pdp.impl.test.func.NumericArithmeticFunctionsTest" time="0.0"/>
  <testcase name="testEvaluate[18: urn:oasis:names:tc:xacml:1.0:function:integer-divide]" classname="org.ow2.authzforce.core.pdp.impl.test.func.NumericArithmeticFunctionsTest" time="0.0"/>
  <testcase name="testEvaluate[19: urn:oasis:names:tc:xacml:1.0:function:integer-divide]" classname="org.ow2.authzforce.core.pdp.impl.test.func.NumericArithmeticFunctionsTest" time="0.001"/>
  <testcase name="testEvaluate[20: urn:oasis:names:tc:xacml:1.0:function:double-divide]" classname="org.ow2.authzforce.core.pdp.impl.test.func.NumericArithmeticFunctionsTest" time="0.0"/>
  <testcase name="testEvaluate[21: urn:oasis:names:tc:xacml:1.0:function:double-divide]" classname="org.ow2.authzforce.core.pdp.impl.test.func.NumericArithmeticFunctionsTest" time="0.001"/>
  <testcase name="testEvaluate[22: urn:oasis:names:tc:xacml:1.0:function:double-divide]" classname="org.ow2.authzforce.core.pdp.impl.test.func.NumericArithmeticFunctionsTest" time="0.0"/>
  <testcase name="testEvaluate[23: urn:oasis:names:tc:xacml:1.0:function:double-divide]" classname="org.ow2.authzforce.core.pdp.impl.test.func.NumericArithmeticFunctionsTest" time="0.0"/>
  <testcase name="testEvaluate[24: urn:oasis:names:tc:xacml:1.0:function:integer-mod]" classname="org.ow2.authzforce.core.pdp.impl.test.func.NumericArithmeticFunctionsTest" time="0.001"/>
  <testcase name="testEvaluate[25: urn:oasis:names:tc:xacml:1.0:function:integer-mod]" classname="org.ow2.authzforce.core.pdp.impl.test.func.NumericArithmeticFunctionsTest" time="0.0"/>
  <testcase name="testEvaluate[26: urn:oasis:names:tc:xacml:1.0:function:integer-mod]" classname="org.ow2.authzforce.core.pdp.impl.test.func.NumericArithmeticFunctionsTest" time="0.0"/>
  <testcase name="testEvaluate[27: urn:oasis:names:tc:xacml:1.0:function:integer-abs]" classname="org.ow2.authzforce.core.pdp.impl.test.func.NumericArithmeticFunctionsTest" time="0.001"/>
  <testcase name="testEvaluate[28: urn:oasis:names:tc:xacml:1.0:function:integer-abs]" classname="org.ow2.authzforce.core.pdp.impl.test.func.NumericArithmeticFunctionsTest" time="0.0"/>
  <testcase name="testEvaluate[29: urn:oasis:names:tc:xacml:1.0:function:double-abs]" classname="org.ow2.authzforce.core.pdp.impl.test.func.NumericArithmeticFunctionsTest" time="0.0"/>
  <testcase name="testEvaluate[30: urn:oasis:names:tc:xacml:1.0:function:double-abs]" classname="org.ow2.authzforce.core.pdp.impl.test.func.NumericArithmeticFunctionsTest" time="0.0"/>
  <testcase name="testEvaluate[31: urn:oasis:names:tc:xacml:1.0:function:round]" classname="org.ow2.authzforce.core.pdp.impl.test.func.NumericArithmeticFunctionsTest" time="0.0"/>
  <testcase name="testEvaluate[32: urn:oasis:names:tc:xacml:1.0:function:round]" classname="org.ow2.authzforce.core.pdp.impl.test.func.NumericArithmeticFunctionsTest" time="0.001"/>
  <testcase name="testEvaluate[33: urn:oasis:names:tc:xacml:1.0:function:round]" classname="org.ow2.authzforce.core.pdp.impl.test.func.NumericArithmeticFunctionsTest" time="0.0"/>
  <testcase name="testEvaluate[34: urn:oasis:names:tc:xacml:1.0:function:floor]" classname="org.ow2.authzforce.core.pdp.impl.test.func.NumericArithmeticFunctionsTest" time="0.001"/>
  <testcase name="testEvaluate[35: urn:oasis:names:tc:xacml:1.0:function:floor]" classname="org.ow2.authzforce.core.pdp.impl.test.func.NumericArithmeticFunctionsTest" time="0.0"/>
  <testcase name="testEvaluate[36: urn:oasis:names:tc:xacml:1.0:function:floor]" classname="org.ow2.authzforce.core.pdp.impl.test.func.NumericArithmeticFunctionsTest" time="0.0"/>
  <testcase name="testEvaluate[0: urn:oasis:names:tc:xacml:1.0:function:string-normalize-space]" classname="org.ow2.authzforce.core.pdp.impl.test.func.StringConversionFunctionsTest" time="0.001"/>
  <testcase name="testEvaluate[1: urn:oasis:names:tc:xacml:1.0:function:string-normalize-space]" classname="org.ow2.authzforce.core.pdp.impl.test.func.StringConversionFunctionsTest" time="0.0"/>
  <testcase name="testEvaluate[2: urn:oasis:names:tc:xacml:1.0:function:string-normalize-to-lower-case]" classname="org.ow2.authzforce.core.pdp.impl.test.func.StringConversionFunctionsTest" time="0.001"/>
  <testcase name="testEvaluate[3: urn:oasis:names:tc:xacml:1.0:function:string-normalize-to-lower-case]" classname="org.ow2.authzforce.core.pdp.impl.test.func.StringConversionFunctionsTest" time="0.0"/>
  <testcase name="testEvaluate[0: urn:oasis:names:tc:xacml:1.0:function:double-to-integer]" classname="org.ow2.authzforce.core.pdp.impl.test.func.NumericConversionFunctionsTest" time="0.001"/>
  <testcase name="testEvaluate[1: urn:oasis:names:tc:xacml:1.0:function:double-to-integer]" classname="org.ow2.authzforce.core.pdp.impl.test.func.NumericConversionFunctionsTest" time="0.0"/>
  <testcase name="testEvaluate[2: urn:oasis:names:tc:xacml:1.0:function:integer-to-double]" classname="org.ow2.authzforce.core.pdp.impl.test.func.NumericConversionFunctionsTest" time="0.0"/>
  <testcase name="testEvaluate[0: urn:oasis:names:tc:xacml:1.0:function:or]" classname="org.ow2.authzforce.core.pdp.impl.test.func.LogicalFunctionsTest" time="0.003"/>
  <testcase name="testEvaluate[1: urn:oasis:names:tc:xacml:1.0:function:or]" classname="org.ow2.authzforce.core.pdp.impl.test.func.LogicalFunctionsTest" time="0.0"/>
  <testcase name="testEvaluate[2: urn:oasis:names:tc:xacml:1.0:function:or]" classname="org.ow2.authzforce.core.pdp.impl.test.func.LogicalFunctionsTest" time="0.001"/>
  <testcase name="testEvaluate[3: urn:oasis:names:tc:xacml:1.0:function:or]" classname="org.ow2.authzforce.core.pdp.impl.test.func.LogicalFunctionsTest" time="0.002"/>
  <testcase name="testEvaluate[4: urn:oasis:names:tc:xacml:1.0:function:or]" classname="org.ow2.authzforce.core.pdp.impl.test.func.LogicalFunctionsTest" time="0.0"/>
  <testcase name="testEvaluate[5: urn:oasis:names:tc:xacml:1.0:function:or]" classname="org.ow2.authzforce.core.pdp.impl.test.func.LogicalFunctionsTest" time="0.0"/>
  <testcase name="testEvaluate[6: urn:oasis:names:tc:xacml:1.0:function:or]" classname="org.ow2.authzforce.core.pdp.impl.test.func.LogicalFunctionsTest" time="0.001"/>
  <testcase name="testEvaluate[7: urn:oasis:names:tc:xacml:1.0:function:and]" classname="org.ow2.authzforce.core.pdp.impl.test.func.LogicalFunctionsTest" time="0.001"/>
  <testcase name="testEvaluate[8: urn:oasis:names:tc:xacml:1.0:function:and]" classname="org.ow2.authzforce.core.pdp.impl.test.func.LogicalFunctionsTest" time="0.001"/>
  <testcase name="testEvaluate[9: urn:oasis:names:tc:xacml:1.0:function:and]" classname="org.ow2.authzforce.core.pdp.impl.test.func.LogicalFunctionsTest" time="0.0"/>
  <testcase name="testEvaluate[10: urn:oasis:names:tc:xacml:1.0:function:and]" classname="org.ow2.authzforce.core.pdp.impl.test.func.LogicalFunctionsTest" time="0.0"/>
  <testcase name="testEvaluate[11: urn:oasis:names:tc:xacml:1.0:function:and]" classname="org.ow2.authzforce.core.pdp.impl.test.func.LogicalFunctionsTest" time="0.0"/>
  <testcase name="testEvaluate[12: urn:oasis:names:tc:xacml:1.0:function:and]" classname="org.ow2.authzforce.core.pdp.impl.test.func.LogicalFunctionsTest" time="0.0"/>
  <testcase name="testEvaluate[13: urn:oasis:names:tc:xacml:1.0:function:and]" classname="org.ow2.authzforce.core.pdp.impl.test.func.LogicalFunctionsTest" time="0.0"/>
  <testcase name="testEvaluate[14: urn:oasis:names:tc:xacml:1.0:function:n-of]" classname="org.ow2.authzforce.core.pdp.impl.test.func.LogicalFunctionsTest" time="0.0"/>
  <testcase name="testEvaluate[15: urn:oasis:names:tc:xacml:1.0:function:n-of]" classname="org.ow2.authzforce.core.pdp.impl.test.func.LogicalFunctionsTest" time="0.001"/>
  <testcase name="testEvaluate[16: urn:oasis:names:tc:xacml:1.0:function:n-of]" classname="org.ow2.authzforce.core.pdp.impl.test.func.LogicalFunctionsTest" time="0.002"/>
  <testcase name="testEvaluate[17: urn:oasis:names:tc:xacml:1.0:function:n-of]" classname="org.ow2.authzforce.core.pdp.impl.test.func.LogicalFunctionsTest" time="0.0"/>
  <testcase name="testEvaluate[18: urn:oasis:names:tc:xacml:1.0:function:n-of]" classname="org.ow2.authzforce.core.pdp.impl.test.func.LogicalFunctionsTest" time="0.0"/>
  <testcase name="testEvaluate[19: urn:oasis:names:tc:xacml:1.0:function:n-of]" classname="org.ow2.authzforce.core.pdp.impl.test.func.LogicalFunctionsTest" time="0.004"/>
  <testcase name="testEvaluate[20: urn:oasis:names:tc:xacml:1.0:function:n-of]" classname="org.ow2.authzforce.core.pdp.impl.test.func.LogicalFunctionsTest" time="0.001"/>
  <testcase name="testEvaluate[21: urn:oasis:names:tc:xacml:1.0:function:n-of]" classname="org.ow2.authzforce.core.pdp.impl.test.func.LogicalFunctionsTest" time="0.0"/>
  <testcase name="testEvaluate[22: urn:oasis:names:tc:xacml:1.0:function:n-of]" classname="org.ow2.authzforce.core.pdp.impl.test.func.LogicalFunctionsTest" time="0.001"/>
  <testcase name="testEvaluate[23: urn:oasis:names:tc:xacml:1.0:function:n-of]" classname="org.ow2.authzforce.core.pdp.impl.test.func.LogicalFunctionsTest" time="0.0"/>
  <testcase name="testEvaluate[24: urn:oasis:names:tc:xacml:1.0:function:n-of]" classname="org.ow2.authzforce.core.pdp.impl.test.func.LogicalFunctionsTest" time="0.001"/>
  <testcase name="testEvaluate[25: urn:oasis:names:tc:xacml:1.0:function:n-of]" classname="org.ow2.authzforce.core.pdp.impl.test.func.LogicalFunctionsTest" time="0.0"/>
  <testcase name="testEvaluate[26: urn:oasis:names:tc:xacml:1.0:function:not]" classname="org.ow2.authzforce.core.pdp.impl.test.func.LogicalFunctionsTest" time="0.001"/>
  <testcase name="testEvaluate[27: urn:oasis:names:tc:xacml:1.0:function:not]" classname="org.ow2.authzforce.core.pdp.impl.test.func.LogicalFunctionsTest" time="0.0"/>
  <testcase name="testEvaluate[0: urn:oasis:names:tc:xacml:1.0:function:integer-greater-than]" classname="org.ow2.authzforce.core.pdp.impl.test.func.NumericComparisonFunctionsTest" time="0.001"/>
  <testcase name="testEvaluate[1: urn:oasis:names:tc:xacml:1.0:function:integer-greater-than]" classname="org.ow2.authzforce.core.pdp.impl.test.func.NumericComparisonFunctionsTest" time="0.001"/>
  <testcase name="testEvaluate[2: urn:oasis:names:tc:xacml:1.0:function:integer-greater-than]" classname="org.ow2.authzforce.core.pdp.impl.test.func.NumericComparisonFunctionsTest" time="0.0"/>
  <testcase name="testEvaluate[3: urn:oasis:names:tc:xacml:1.0:function:integer-greater-than-or-equal]" classname="org.ow2.authzforce.core.pdp.impl.test.func.NumericComparisonFunctionsTest" time="0.0"/>
  <testcase name="testEvaluate[4: urn:oasis:names:tc:xacml:1.0:function:integer-greater-than-or-equal]" classname="org.ow2.authzforce.core.pdp.impl.test.func.NumericComparisonFunctionsTest" time="0.0"/>
  <testcase name="testEvaluate[5: urn:oasis:names:tc:xacml:1.0:function:integer-greater-than-or-equal]" classname="org.ow2.authzforce.core.pdp.impl.test.func.NumericComparisonFunctionsTest" time="0.0"/>
  <testcase name="testEvaluate[6: urn:oasis:names:tc:xacml:1.0:function:integer-less-than]" classname="org.ow2.authzforce.core.pdp.impl.test.func.NumericComparisonFunctionsTest" time="0.001"/>
  <testcase name="testEvaluate[7: urn:oasis:names:tc:xacml:1.0:function:integer-less-than]" classname="org.ow2.authzforce.core.pdp.impl.test.func.NumericComparisonFunctionsTest" time="0.0"/>
  <testcase name="testEvaluate[8: urn:oasis:names:tc:xacml:1.0:function:integer-less-than]" classname="org.ow2.authzforce.core.pdp.impl.test.func.NumericComparisonFunctionsTest" time="0.0"/>
  <testcase name="testEvaluate[9: urn:oasis:names:tc:xacml:1.0:function:integer-less-than-or-equal]" classname="org.ow2.authzforce.core.pdp.impl.test.func.NumericComparisonFunctionsTest" time="0.0"/>
  <testcase name="testEvaluate[10: urn:oasis:names:tc:xacml:1.0:function:integer-less-than-or-equal]" classname="org.ow2.authzforce.core.pdp.impl.test.func.NumericComparisonFunctionsTest" time="0.0"/>
  <testcase name="testEvaluate[11: urn:oasis:names:tc:xacml:1.0:function:integer-less-than-or-equal]" classname="org.ow2.authzforce.core.pdp.impl.test.func.NumericComparisonFunctionsTest" time="0.0"/>
  <testcase name="testEvaluate[12: urn:oasis:names:tc:xacml:1.0:function:double-greater-than]" classname="org.ow2.authzforce.core.pdp.impl.test.func.NumericComparisonFunctionsTest" time="0.0"/>
  <testcase name="testEvaluate[13: urn:oasis:names:tc:xacml:1.0:function:double-greater-than]" classname="org.ow2.authzforce.core.pdp.impl.test.func.NumericComparisonFunctionsTest" time="0.0"/>
  <testcase name="testEvaluate[14: urn:oasis:names:tc:xacml:1.0:function:double-greater-than]" classname="org.ow2.authzforce.core.pdp.impl.test.func.NumericComparisonFunctionsTest" time="0.0"/>
  <testcase name="testEvaluate[15: urn:oasis:names:tc:xacml:1.0:function:double-greater-than-or-equal]" classname="org.ow2.authzforce.core.pdp.impl.test.func.NumericComparisonFunctionsTest" time="0.0"/>
  <testcase name="testEvaluate[16: urn:oasis:names:tc:xacml:1.0:function:double-greater-than-or-equal]" classname="org.ow2.authzforce.core.pdp.impl.test.func.NumericComparisonFunctionsTest" time="0.001"/>
  <testcase name="testEvaluate[17: urn:oasis:names:tc:xacml:1.0:function:double-greater-than-or-equal]" classname="org.ow2.authzforce.core.pdp.impl.test.func.NumericComparisonFunctionsTest" time="0.0"/>
  <testcase name="testEvaluate[18: urn:oasis:names:tc:xacml:1.0:function:double-less-than]" classname="org.ow2.authzforce.core.pdp.impl.test.func.NumericComparisonFunctionsTest" time="0.001"/>
  <testcase name="testEvaluate[19: urn:oasis:names:tc:xacml:1.0:function:double-less-than]" classname="org.ow2.authzforce.core.pdp.impl.test.func.NumericComparisonFunctionsTest" time="0.0"/>
  <testcase name="testEvaluate[20: urn:oasis:names:tc:xacml:1.0:function:double-less-than]" classname="org.ow2.authzforce.core.pdp.impl.test.func.NumericComparisonFunctionsTest" time="0.0"/>
  <testcase name="testEvaluate[21: urn:oasis:names:tc:xacml:1.0:function:double-less-than-or-equal]" classname="org.ow2.authzforce.core.pdp.impl.test.func.NumericComparisonFunctionsTest" time="0.0"/>
  <testcase name="testEvaluate[22: urn:oasis:names:tc:xacml:1.0:function:double-less-than-or-equal]" classname="org.ow2.authzforce.core.pdp.impl.test.func.NumericComparisonFunctionsTest" time="0.0"/>
  <testcase name="testEvaluate[23: urn:oasis:names:tc:xacml:1.0:function:double-less-than-or-equal]" classname="org.ow2.authzforce.core.pdp.impl.test.func.NumericComparisonFunctionsTest" time="0.0"/>
  <testcase name="testEvaluate[0: urn:oasis:names:tc:xacml:3.0:function:dateTime-add-dayTimeDuration]" classname="org.ow2.authzforce.core.pdp.impl.test.func.DateTimeArithmeticFunctionsTest" time="0.001"/>
  <testcase name="testEvaluate[1: urn:oasis:names:tc:xacml:3.0:function:dateTime-add-dayTimeDuration]" classname="org.ow2.authzforce.core.pdp.impl.test.func.DateTimeArithmeticFunctionsTest" time="0.0"/>
  <testcase name="testEvaluate[2: urn:oasis:names:tc:xacml:3.0:function:dateTime-add-yearMonthDuration]" classname="org.ow2.authzforce.core.pdp.impl.test.func.DateTimeArithmeticFunctionsTest" time="0.001"/>
  <testcase name="testEvaluate[3: urn:oasis:names:tc:xacml:3.0:function:dateTime-add-yearMonthDuration]" classname="org.ow2.authzforce.core.pdp.impl.test.func.DateTimeArithmeticFunctionsTest" time="0.0"/>
  <testcase name="testEvaluate[4: urn:oasis:names:tc:xacml:3.0:function:dateTime-subtract-dayTimeDuration]" classname="org.ow2.authzforce.core.pdp.impl.test.func.DateTimeArithmeticFunctionsTest" time="0.0"/>
  <testcase name="testEvaluate[5: urn:oasis:names:tc:xacml:3.0:function:dateTime-subtract-dayTimeDuration]" classname="org.ow2.authzforce.core.pdp.impl.test.func.DateTimeArithmeticFunctionsTest" time="0.0"/>
  <testcase name="testEvaluate[6: urn:oasis:names:tc:xacml:3.0:function:dateTime-subtract-yearMonthDuration]" classname="org.ow2.authzforce.core.pdp.impl.test.func.DateTimeArithmeticFunctionsTest" time="0.0"/>
  <testcase name="testEvaluate[7: urn:oasis:names:tc:xacml:3.0:function:dateTime-subtract-yearMonthDuration]" classname="org.ow2.authzforce.core.pdp.impl.test.func.DateTimeArithmeticFunctionsTest" time="0.0"/>
  <testcase name="testEvaluate[8: urn:oasis:names:tc:xacml:3.0:function:date-add-yearMonthDuration]" classname="org.ow2.authzforce.core.pdp.impl.test.func.DateTimeArithmeticFunctionsTest" time="0.0"/>
  <testcase name="testEvaluate[9: urn:oasis:names:tc:xacml:3.0:function:date-add-yearMonthDuration]" classname="org.ow2.authzforce.core.pdp.impl.test.func.DateTimeArithmeticFunctionsTest" time="0.0"/>
  <testcase name="testEvaluate[10: urn:oasis:names:tc:xacml:3.0:function:date-subtract-yearMonthDuration]" classname="org.ow2.authzforce.core.pdp.impl.test.func.DateTimeArithmeticFunctionsTest" time="0.001"/>
  <testcase name="testEvaluate[11: urn:oasis:names:tc:xacml:3.0:function:date-subtract-yearMonthDuration]" classname="org.ow2.authzforce.core.pdp.impl.test.func.DateTimeArithmeticFunctionsTest" time="0.0"/>
  <testcase name="testEvaluate[0: urn:oasis:names:tc:xacml:1.0:function:string-greater-than]" classname="org.ow2.authzforce.core.pdp.impl.test.func.NonNumericComparisonFunctionsTest" time="0.0"/>
  <testcase name="testEvaluate[1: urn:oasis:names:tc:xacml:1.0:function:string-greater-than]" classname="org.ow2.authzforce.core.pdp.impl.test.func.NonNumericComparisonFunctionsTest" time="0.0"/>
  <testcase name="testEvaluate[2: urn:oasis:names:tc:xacml:1.0:function:string-greater-than]" classname="org.ow2.authzforce.core.pdp.impl.test.func.NonNumericComparisonFunctionsTest" time="0.0"/>
  <testcase name="testEvaluate[3: urn:oasis:names:tc:xacml:1.0:function:string-greater-than-or-equal]" classname="org.ow2.authzforce.core.pdp.impl.test.func.NonNumericComparisonFunctionsTest" time="0.001"/>
  <testcase name="testEvaluate[4: urn:oasis:names:tc:xacml:1.0:function:string-greater-than-or-equal]" classname="org.ow2.authzforce.core.pdp.impl.test.func.NonNumericComparisonFunctionsTest" time="0.0"/>
  <testcase name="testEvaluate[5: urn:oasis:names:tc:xacml:1.0:function:string-greater-than-or-equal]" classname="org.ow2.authzforce.core.pdp.impl.test.func.NonNumericComparisonFunctionsTest" time="0.0"/>
  <testcase name="testEvaluate[6: urn:oasis:names:tc:xacml:1.0:function:string-less-than]" classname="org.ow2.authzforce.core.pdp.impl.test.func.NonNumericComparisonFunctionsTest" time="0.0"/>
  <testcase name="testEvaluate[7: urn:oasis:names:tc:xacml:1.0:function:string-less-than]" classname="org.ow2.authzforce.core.pdp.impl.test.func.NonNumericComparisonFunctionsTest" time="0.0"/>
  <testcase name="testEvaluate[8: urn:oasis:names:tc:xacml:1.0:function:string-less-than]" classname="org.ow2.authzforce.core.pdp.impl.test.func.NonNumericComparisonFunctionsTest" time="0.0"/>
  <testcase name="testEvaluate[9: urn:oasis:names:tc:xacml:1.0:function:string-less-than-or-equal]" classname="org.ow2.authzforce.core.pdp.impl.test.func.NonNumericComparisonFunctionsTest" time="0.0"/>
  <testcase name="testEvaluate[10: urn:oasis:names:tc:xacml:1.0:function:string-less-than-or-equal]" classname="org.ow2.authzforce.core.pdp.impl.test.func.NonNumericComparisonFunctionsTest" time="0.0"/>
  <testcase name="testEvaluate[11: urn:oasis:names:tc:xacml:1.0:function:string-less-than-or-equal]" classname="org.ow2.authzforce.core.pdp.impl.test.func.NonNumericComparisonFunctionsTest" time="0.001"/>
  <testcase name="testEvaluate[12: urn:oasis:names:tc:xacml:1.0:function:time-greater-than]" classname="org.ow2.authzforce.core.pdp.impl.test.func.NonNumericComparisonFunctionsTest" time="0.0"/>
  <testcase name="testEvaluate[13: urn:oasis:names:tc:xacml:1.0:function:time-greater-than]" classname="org.ow2.authzforce.core.pdp.impl.test.func.NonNumericComparisonFunctionsTest" time="0.0"/>
  <testcase name="testEvaluate[14: urn:oasis:names:tc:xacml:1.0:function:time-greater-than]" classname="org.ow2.authzforce.core.pdp.impl.test.func.NonNumericComparisonFunctionsTest" time="0.0"/>
  <testcase name="testEvaluate[15: urn:oasis:names:tc:xacml:1.0:function:time-greater-than-or-equal]" classname="org.ow2.authzforce.core.pdp.impl.test.func.NonNumericComparisonFunctionsTest" time="0.0"/>
  <testcase name="testEvaluate[16: urn:oasis:names:tc:xacml:1.0:function:time-greater-than-or-equal]" classname="org.ow2.authzforce.core.pdp.impl.test.func.NonNumericComparisonFunctionsTest" time="0.001"/>
  <testcase name="testEvaluate[17: urn:oasis:names:tc:xacml:1.0:function:time-greater-than-or-equal]" classname="org.ow2.authzforce.core.pdp.impl.test.func.NonNumericComparisonFunctionsTest" time="0.0"/>
  <testcase name="testEvaluate[18: urn:oasis:names:tc:xacml:1.0:function:time-less-than]" classname="org.ow2.authzforce.core.pdp.impl.test.func.NonNumericComparisonFunctionsTest" time="0.0"/>
  <testcase name="testEvaluate[19: urn:oasis:names:tc:xacml:1.0:function:time-less-than]" classname="org.ow2.authzforce.core.pdp.impl.test.func.NonNumericComparisonFunctionsTest" time="0.0"/>
  <testcase name="testEvaluate[20: urn:oasis:names:tc:xacml:1.0:function:time-less-than]" classname="org.ow2.authzforce.core.pdp.impl.test.func.NonNumericComparisonFunctionsTest" time="0.0"/>
  <testcase name="testEvaluate[21: urn:oasis:names:tc:xacml:1.0:function:time-less-than-or-equal]" classname="org.ow2.authzforce.core.pdp.impl.test.func.NonNumericComparisonFunctionsTest" time="0.0"/>
  <testcase name="testEvaluate[22: urn:oasis:names:tc:xacml:1.0:function:time-less-than-or-equal]" classname="org.ow2.authzforce.core.pdp.impl.test.func.NonNumericComparisonFunctionsTest" time="0.0"/>
  <testcase name="testEvaluate[23: urn:oasis:names:tc:xacml:1.0:function:time-less-than-or-equal]" classname="org.ow2.authzforce.core.pdp.impl.test.func.NonNumericComparisonFunctionsTest" time="0.0"/>
  <testcase name="testEvaluate[24: urn:oasis:names:tc:xacml:2.0:function:time-in-range]" classname="org.ow2.authzforce.core.pdp.impl.test.func.NonNumericComparisonFunctionsTest" time="0.001"/>
  <testcase name="testEvaluate[25: urn:oasis:names:tc:xacml:2.0:function:time-in-range]" classname="org.ow2.authzforce.core.pdp.impl.test.func.NonNumericComparisonFunctionsTest" time="0.001"/>
  <testcase name="testEvaluate[26: urn:oasis:names:tc:xacml:2.0:function:time-in-range]" classname="org.ow2.authzforce.core.pdp.impl.test.func.NonNumericComparisonFunctionsTest" time="0.001"/>
  <testcase name="testEvaluate[27: urn:oasis:names:tc:xacml:2.0:function:time-in-range]" classname="org.ow2.authzforce.core.pdp.impl.test.func.NonNumericComparisonFunctionsTest" time="0.0"/>
  <testcase name="testEvaluate[28: urn:oasis:names:tc:xacml:2.0:function:time-in-range]" classname="org.ow2.authzforce.core.pdp.impl.test.func.NonNumericComparisonFunctionsTest" time="0.0"/>
  <testcase name="testEvaluate[29: urn:oasis:names:tc:xacml:2.0:function:time-in-range]" classname="org.ow2.authzforce.core.pdp.impl.test.func.NonNumericComparisonFunctionsTest" time="0.0"/>
  <testcase name="testEvaluate[30: urn:oasis:names:tc:xacml:2.0:function:time-in-range]" classname="org.ow2.authzforce.core.pdp.impl.test.func.NonNumericComparisonFunctionsTest" time="0.0"/>
  <testcase name="testEvaluate[31: urn:oasis:names:tc:xacml:2.0:function:time-in-range]" classname="org.ow2.authzforce.core.pdp.impl.test.func.NonNumericComparisonFunctionsTest" time="0.001"/>
  <testcase name="testEvaluate[32: urn:oasis:names:tc:xacml:2.0:function:time-in-range]" classname="org.ow2.authzforce.core.pdp.impl.test.func.NonNumericComparisonFunctionsTest" time="0.0"/>
  <testcase name="testEvaluate[33: urn:oasis:names:tc:xacml:2.0:function:time-in-range]" classname="org.ow2.authzforce.core.pdp.impl.test.func.NonNumericComparisonFunctionsTest" time="0.0"/>
  <testcase name="testEvaluate[34: urn:oasis:names:tc:xacml:2.0:function:time-in-range]" classname="org.ow2.authzforce.core.pdp.impl.test.func.NonNumericComparisonFunctionsTest" time="0.0"/>
  <testcase name="testEvaluate[35: urn:oasis:names:tc:xacml:2.0:function:time-in-range]" classname="org.ow2.authzforce.core.pdp.impl.test.func.NonNumericComparisonFunctionsTest" time="0.001"/>
  <testcase name="testEvaluate[36: urn:oasis:names:tc:xacml:2.0:function:time-in-range]" classname="org.ow2.authzforce.core.pdp.impl.test.func.NonNumericComparisonFunctionsTest" time="0.0"/>
  <testcase name="testEvaluate[37: urn:oasis:names:tc:xacml:2.0:function:time-in-range]" classname="org.ow2.authzforce.core.pdp.impl.test.func.NonNumericComparisonFunctionsTest" time="0.0"/>
  <testcase name="testEvaluate[38: urn:oasis:names:tc:xacml:1.0:function:dateTime-greater-than]" classname="org.ow2.authzforce.core.pdp.impl.test.func.NonNumericComparisonFunctionsTest" time="0.0"/>
  <testcase name="testEvaluate[39: urn:oasis:names:tc:xacml:1.0:function:dateTime-greater-than]" classname="org.ow2.authzforce.core.pdp.impl.test.func.NonNumericComparisonFunctionsTest" time="0.001"/>
  <testcase name="testEvaluate[40: urn:oasis:names:tc:xacml:1.0:function:dateTime-greater-than]" classname="org.ow2.authzforce.core.pdp.impl.test.func.NonNumericComparisonFunctionsTest" time="0.0"/>
  <testcase name="testEvaluate[41: urn:oasis:names:tc:xacml:1.0:function:dateTime-greater-than-or-equal]" classname="org.ow2.authzforce.core.pdp.impl.test.func.NonNumericComparisonFunctionsTest" time="0.0"/>
  <testcase name="testEvaluate[42: urn:oasis:names:tc:xacml:1.0:function:dateTime-greater-than-or-equal]" classname="org.ow2.authzforce.core.pdp.impl.test.func.NonNumericComparisonFunctionsTest" time="0.0"/>
  <testcase name="testEvaluate[43: urn:oasis:names:tc:xacml:1.0:function:dateTime-greater-than-or-equal]" classname="org.ow2.authzforce.core.pdp.impl.test.func.NonNumericComparisonFunctionsTest" time="0.0"/>
  <testcase name="testEvaluate[44: urn:oasis:names:tc:xacml:1.0:function:dateTime-less-than]" classname="org.ow2.authzforce.core.pdp.impl.test.func.NonNumericComparisonFunctionsTest" time="0.0"/>
  <testcase name="testEvaluate[45: urn:oasis:names:tc:xacml:1.0:function:dateTime-less-than]" classname="org.ow2.authzforce.core.pdp.impl.test.func.NonNumericComparisonFunctionsTest" time="0.001"/>
  <testcase name="testEvaluate[46: urn:oasis:names:tc:xacml:1.0:function:dateTime-less-than]" classname="org.ow2.authzforce.core.pdp.impl.test.func.NonNumericComparisonFunctionsTest" time="0.0"/>
  <testcase name="testEvaluate[47: urn:oasis:names:tc:xacml:1.0:function:dateTime-less-than-or-equal]" classname="org.ow2.authzforce.core.pdp.impl.test.func.NonNumericComparisonFunctionsTest" time="0.0"/>
  <testcase name="testEvaluate[48: urn:oasis:names:tc:xacml:1.0:function:dateTime-less-than-or-equal]" classname="org.ow2.authzforce.core.pdp.impl.test.func.NonNumericComparisonFunctionsTest" time="0.001"/>
  <testcase name="testEvaluate[49: urn:oasis:names:tc:xacml:1.0:function:dateTime-less-than-or-equal]" classname="org.ow2.authzforce.core.pdp.impl.test.func.NonNumericComparisonFunctionsTest" time="0.0"/>
  <testcase name="testEvaluate[50: urn:oasis:names:tc:xacml:1.0:function:date-greater-than]" classname="org.ow2.authzforce.core.pdp.impl.test.func.NonNumericComparisonFunctionsTest" time="0.0"/>
  <testcase name="testEvaluate[51: urn:oasis:names:tc:xacml:1.0:function:date-greater-than]" classname="org.ow2.authzforce.core.pdp.impl.test.func.NonNumericComparisonFunctionsTest" time="0.0"/>
  <testcase name="testEvaluate[52: urn:oasis:names:tc:xacml:1.0:function:date-greater-than]" classname="org.ow2.authzforce.core.pdp.impl.test.func.NonNumericComparisonFunctionsTest" time="0.0"/>
  <testcase name="testEvaluate[53: urn:oasis:names:tc:xacml:1.0:function:date-greater-than-or-equal]" classname="org.ow2.authzforce.core.pdp.impl.test.func.NonNumericComparisonFunctionsTest" time="0.0"/>
  <testcase name="testEvaluate[54: urn:oasis:names:tc:xacml:1.0:function:date-greater-than-or-equal]" classname="org.ow2.authzforce.core.pdp.impl.test.func.NonNumericComparisonFunctionsTest" time="0.0"/>
  <testcase name="testEvaluate[55: urn:oasis:names:tc:xacml:1.0:function:date-greater-than-or-equal]" classname="org.ow2.authzforce.core.pdp.impl.test.func.NonNumericComparisonFunctionsTest" time="0.0"/>
  <testcase name="testEvaluate[56: urn:oasis:names:tc:xacml:1.0:function:date-less-than]" classname="org.ow2.authzforce.core.pdp.impl.test.func.NonNumericComparisonFunctionsTest" time="0.0"/>
  <testcase name="testEvaluate[57: urn:oasis:names:tc:xacml:1.0:function:date-less-than]" classname="org.ow2.authzforce.core.pdp.impl.test.func.NonNumericComparisonFunctionsTest" time="0.0"/>
  <testcase name="testEvaluate[58: urn:oasis:names:tc:xacml:1.0:function:date-less-than]" classname="org.ow2.authzforce.core.pdp.impl.test.func.NonNumericComparisonFunctionsTest" time="0.0"/>
  <testcase name="testEvaluate[59: urn:oasis:names:tc:xacml:1.0:function:date-less-than-or-equal]" classname="org.ow2.authzforce.core.pdp.impl.test.func.NonNumericComparisonFunctionsTest" time="0.0"/>
  <testcase name="testEvaluate[60: urn:oasis:names:tc:xacml:1.0:function:date-less-than-or-equal]" classname="org.ow2.authzforce.core.pdp.impl.test.func.NonNumericComparisonFunctionsTest" time="0.0"/>
  <testcase name="testEvaluate[61: urn:oasis:names:tc:xacml:1.0:function:date-less-than-or-equal]" classname="org.ow2.authzforce.core.pdp.impl.test.func.NonNumericComparisonFunctionsTest" time="0.0"/>
  <testcase name="testEvaluate[0: urn:oasis:names:tc:xacml:2.0:function:string-concatenate]" classname="org.ow2.authzforce.core.pdp.impl.test.func.StringFunctionsTest" time="0.001"/>
  <testcase name="testEvaluate[1: urn:oasis:names:tc:xacml:2.0:function:string-concatenate]" classname="org.ow2.authzforce.core.pdp.impl.test.func.StringFunctionsTest" time="0.0"/>
  <testcase name="testEvaluate[2: urn:oasis:names:tc:xacml:3.0:function:boolean-from-string]" classname="org.ow2.authzforce.core.pdp.impl.test.func.StringFunctionsTest" time="0.001"/>
  <testcase name="testEvaluate[3: urn:oasis:names:tc:xacml:3.0:function:boolean-from-string]" classname="org.ow2.authzforce.core.pdp.impl.test.func.StringFunctionsTest" time="0.0"/>
  <testcase name="testEvaluate[4: urn:oasis:names:tc:xacml:3.0:function:boolean-from-string]" classname="org.ow2.authzforce.core.pdp.impl.test.func.StringFunctionsTest" time="0.0"/>
  <testcase name="testEvaluate[5: urn:oasis:names:tc:xacml:3.0:function:string-from-boolean]" classname="org.ow2.authzforce.core.pdp.impl.test.func.StringFunctionsTest" time="0.0"/>
  <testcase name="testEvaluate[6: urn:oasis:names:tc:xacml:3.0:function:string-from-boolean]" classname="org.ow2.authzforce.core.pdp.impl.test.func.StringFunctionsTest" time="0.0"/>
  <testcase name="testEvaluate[7: urn:oasis:names:tc:xacml:3.0:function:integer-from-string]" classname="org.ow2.authzforce.core.pdp.impl.test.func.StringFunctionsTest" time="0.001"/>
  <testcase name="testEvaluate[8: urn:oasis:names:tc:xacml:3.0:function:integer-from-string]" classname="org.ow2.authzforce.core.pdp.impl.test.func.StringFunctionsTest" time="0.0"/>
  <testcase name="testEvaluate[9: urn:oasis:names:tc:xacml:3.0:function:string-from-integer]" classname="org.ow2.authzforce.core.pdp.impl.test.func.StringFunctionsTest" time="0.0"/>
  <testcase name="testEvaluate[10: urn:oasis:names:tc:xacml:3.0:function:string-from-integer]" classname="org.ow2.authzforce.core.pdp.impl.test.func.StringFunctionsTest" time="0.0"/>
  <testcase name="testEvaluate[11: urn:oasis:names:tc:xacml:3.0:function:double-from-string]" classname="org.ow2.authzforce.core.pdp.impl.test.func.StringFunctionsTest" time="0.0"/>
  <testcase name="testEvaluate[12: urn:oasis:names:tc:xacml:3.0:function:double-from-string]" classname="org.ow2.authzforce.core.pdp.impl.test.func.StringFunctionsTest" time="0.001"/>
  <testcase name="testEvaluate[13: urn:oasis:names:tc:xacml:3.0:function:string-from-double]" classname="org.ow2.authzforce.core.pdp.impl.test.func.StringFunctionsTest" time="0.0"/>
  <testcase name="testEvaluate[14: urn:oasis:names:tc:xacml:3.0:function:string-from-double]" classname="org.ow2.authzforce.core.pdp.impl.test.func.StringFunctionsTest" time="0.0"/>
  <testcase name="testEvaluate[15: urn:oasis:names:tc:xacml:3.0:function:time-from-string]" classname="org.ow2.authzforce.core.pdp.impl.test.func.StringFunctionsTest" time="0.001"/>
  <testcase name="testEvaluate[16: urn:oasis:names:tc:xacml:3.0:function:string-from-time]" classname="org.ow2.authzforce.core.pdp.impl.test.func.StringFunctionsTest" time="0.0"/>
  <testcase name="testEvaluate[17: urn:oasis:names:tc:xacml:3.0:function:date-from-string]" classname="org.ow2.authzforce.core.pdp.impl.test.func.StringFunctionsTest" time="0.0"/>
  <testcase name="testEvaluate[18: urn:oasis:names:tc:xacml:3.0:function:string-from-date]" classname="org.ow2.authzforce.core.pdp.impl.test.func.StringFunctionsTest" time="0.0"/>
  <testcase name="testEvaluate[19: urn:oasis:names:tc:xacml:3.0:function:dateTime-from-string]" classname="org.ow2.authzforce.core.pdp.impl.test.func.StringFunctionsTest" time="0.0"/>
  <testcase name="testEvaluate[20: urn:oasis:names:tc:xacml:3.0:function:string-from-dateTime]" classname="org.ow2.authzforce.core.pdp.impl.test.func.StringFunctionsTest" time="0.0"/>
  <testcase name="testEvaluate[21: urn:oasis:names:tc:xacml:3.0:function:anyURI-from-string]" classname="org.ow2.authzforce.core.pdp.impl.test.func.StringFunctionsTest" time="0.0"/>
  <testcase name="testEvaluate[22: urn:oasis:names:tc:xacml:3.0:function:string-from-anyURI]" classname="org.ow2.authzforce.core.pdp.impl.test.func.StringFunctionsTest" time="0.0"/>
  <testcase name="testEvaluate[23: urn:oasis:names:tc:xacml:3.0:function:dayTimeDuration-from-string]" classname="org.ow2.authzforce.core.pdp.impl.test.func.StringFunctionsTest" time="0.001"/>
  <testcase name="testEvaluate[24: urn:oasis:names:tc:xacml:3.0:function:string-from-dayTimeDuration]" classname="org.ow2.authzforce.core.pdp.impl.test.func.StringFunctionsTest" time="0.0"/>
  <testcase name="testEvaluate[25: urn:oasis:names:tc:xacml:3.0:function:yearMonthDuration-from-string]" classname="org.ow2.authzforce.core.pdp.impl.test.func.StringFunctionsTest" time="0.001"/>
  <testcase name="testEvaluate[26: urn:oasis:names:tc:xacml:3.0:function:string-from-yearMonthDuration]" classname="org.ow2.authzforce.core.pdp.impl.test.func.StringFunctionsTest" time="0.0"/>
  <testcase name="testEvaluate[27: urn:oasis:names:tc:xacml:3.0:function:x500Name-from-string]" classname="org.ow2.authzforce.core.pdp.impl.test.func.StringFunctionsTest" time="0.001"/>
  <testcase name="testEvaluate[28: urn:oasis:names:tc:xacml:3.0:function:string-from-x500Name]" classname="org.ow2.authzforce.core.pdp.impl.test.func.StringFunctionsTest" time="0.0"/>
  <testcase name="testEvaluate[29: urn:oasis:names:tc:xacml:3.0:function:rfc822Name-from-string]" classname="org.ow2.authzforce.core.pdp.impl.test.func.StringFunctionsTest" time="0.0"/>
  <testcase name="testEvaluate[30: urn:oasis:names:tc:xacml:3.0:function:string-from-rfc822Name]" classname="org.ow2.authzforce.core.pdp.impl.test.func.StringFunctionsTest" time="0.0"/>
  <testcase name="testEvaluate[31: urn:oasis:names:tc:xacml:3.0:function:ipAddress-from-string]" classname="org.ow2.authzforce.core.pdp.impl.test.func.StringFunctionsTest" time="0.0"/>
  <testcase name="testEvaluate[32: urn:oasis:names:tc:xacml:3.0:function:string-from-ipAddress]" classname="org.ow2.authzforce.core.pdp.impl.test.func.StringFunctionsTest" time="0.0"/>
  <testcase name="testEvaluate[33: urn:oasis:names:tc:xacml:3.0:function:dnsName-from-string]" classname="org.ow2.authzforce.core.pdp.impl.test.func.StringFunctionsTest" time="0.0"/>
  <testcase name="testEvaluate[34: urn:oasis:names:tc:xacml:3.0:function:dnsName-from-string]" classname="org.ow2.authzforce.core.pdp.impl.test.func.StringFunctionsTest" time="0.001"/>
  <testcase name="testEvaluate[35: urn:oasis:names:tc:xacml:3.0:function:dnsName-from-string]" classname="org.ow2.authzforce.core.pdp.impl.test.func.StringFunctionsTest" time="0.0"/>
  <testcase name="testEvaluate[36: urn:oasis:names:tc:xacml:3.0:function:dnsName-from-string]" classname="org.ow2.authzforce.core.pdp.impl.test.func.StringFunctionsTest" time="0.0"/>
  <testcase name="testEvaluate[37: urn:oasis:names:tc:xacml:3.0:function:dnsName-from-string]" classname="org.ow2.authzforce.core.pdp.impl.test.func.StringFunctionsTest" time="0.0"/>
  <testcase name="testEvaluate[38: urn:oasis:names:tc:xacml:3.0:function:dnsName-from-string]" classname="org.ow2.authzforce.core.pdp.impl.test.func.StringFunctionsTest" time="0.0"/>
  <testcase name="testEvaluate[39: urn:oasis:names:tc:xacml:3.0:function:dnsName-from-string]" classname="org.ow2.authzforce.core.pdp.impl.test.func.StringFunctionsTest" time="0.0"/>
  <testcase name="testEvaluate[40: urn:oasis:names:tc:xacml:3.0:function:dnsName-from-string]" classname="org.ow2.authzforce.core.pdp.impl.test.func.StringFunctionsTest" time="0.001"/>
  <testcase name="testEvaluate[41: urn:oasis:names:tc:xacml:3.0:function:dnsName-from-string]" classname="org.ow2.authzforce.core.pdp.impl.test.func.StringFunctionsTest" time="0.0"/>
  <testcase name="testEvaluate[42: urn:oasis:names:tc:xacml:3.0:function:dnsName-from-string]" classname="org.ow2.authzforce.core.pdp.impl.test.func.StringFunctionsTest" time="0.001"/>
  <testcase name="testEvaluate[43: urn:oasis:names:tc:xacml:3.0:function:dnsName-from-string]" classname="org.ow2.authzforce.core.pdp.impl.test.func.StringFunctionsTest" time="0.002"/>
  <testcase name="testEvaluate[44: urn:oasis:names:tc:xacml:3.0:function:string-from-dnsName]" classname="org.ow2.authzforce.core.pdp.impl.test.func.StringFunctionsTest" time="0.0"/>
  <testcase name="testEvaluate[45: urn:oasis:names:tc:xacml:3.0:function:string-starts-with]" classname="org.ow2.authzforce.core.pdp.impl.test.func.StringFunctionsTest" time="0.001"/>
  <testcase name="testEvaluate[46: urn:oasis:names:tc:xacml:3.0:function:string-starts-with]" classname="org.ow2.authzforce.core.pdp.impl.test.func.StringFunctionsTest" time="0.0"/>
  <testcase name="testEvaluate[47: urn:oasis:names:tc:xacml:3.0:function:anyURI-starts-with]" classname="org.ow2.authzforce.core.pdp.impl.test.func.StringFunctionsTest" time="0.001"/>
  <testcase name="testEvaluate[48: urn:oasis:names:tc:xacml:3.0:function:anyURI-starts-with]" classname="org.ow2.authzforce.core.pdp.impl.test.func.StringFunctionsTest" time="0.0"/>
  <testcase name="testEvaluate[49: urn:oasis:names:tc:xacml:3.0:function:string-ends-with]" classname="org.ow2.authzforce.core.pdp.impl.test.func.StringFunctionsTest" time="0.001"/>
  <testcase name="testEvaluate[50: urn:oasis:names:tc:xacml:3.0:function:string-ends-with]" classname="org.ow2.authzforce.core.pdp.impl.test.func.StringFunctionsTest" time="0.0"/>
  <testcase name="testEvaluate[51: urn:oasis:names:tc:xacml:3.0:function:anyURI-ends-with]" classname="org.ow2.authzforce.core.pdp.impl.test.func.StringFunctionsTest" time="0.0"/>
  <testcase name="testEvaluate[52: urn:oasis:names:tc:xacml:3.0:function:anyURI-ends-with]" classname="org.ow2.authzforce.core.pdp.impl.test.func.StringFunctionsTest" time="0.0"/>
  <testcase name="testEvaluate[53: urn:oasis:names:tc:xacml:3.0:function:string-contains]" classname="org.ow2.authzforce.core.pdp.impl.test.func.StringFunctionsTest" time="0.001"/>
  <testcase name="testEvaluate[54: urn:oasis:names:tc:xacml:3.0:function:string-contains]" classname="org.ow2.authzforce.core.pdp.impl.test.func.StringFunctionsTest" time="0.0"/>
  <testcase name="testEvaluate[55: urn:oasis:names:tc:xacml:3.0:function:anyURI-contains]" classname="org.ow2.authzforce.core.pdp.impl.test.func.StringFunctionsTest" time="0.0"/>
  <testcase name="testEvaluate[56: urn:oasis:names:tc:xacml:3.0:function:anyURI-contains]" classname="org.ow2.authzforce.core.pdp.impl.test.func.StringFunctionsTest" time="0.0"/>
  <testcase name="testEvaluate[57: urn:oasis:names:tc:xacml:3.0:function:string-substring]" classname="org.ow2.authzforce.core.pdp.impl.test.func.StringFunctionsTest" time="0.006"/>
  <testcase name="testEvaluate[58: urn:oasis:names:tc:xacml:3.0:function:string-substring]" classname="org.ow2.authzforce.core.pdp.impl.test.func.StringFunctionsTest" time="0.0"/>
  <testcase name="testEvaluate[59: urn:oasis:names:tc:xacml:3.0:function:string-substring]" classname="org.ow2.authzforce.core.pdp.impl.test.func.StringFunctionsTest" time="0.0"/>
  <testcase name="testEvaluate[60: urn:oasis:names:tc:xacml:3.0:function:string-substring]" classname="org.ow2.authzforce.core.pdp.impl.test.func.StringFunctionsTest" time="0.001"/>
  <testcase name="testEvaluate[61: urn:oasis:names:tc:xacml:3.0:function:string-substring]" classname="org.ow2.authzforce.core.pdp.impl.test.func.StringFunctionsTest" time="0.0"/>
  <testcase name="testEvaluate[62: urn:oasis:names:tc:xacml:3.0:function:anyURI-substring]" classname="org.ow2.authzforce.core.pdp.impl.test.func.StringFunctionsTest" time="0.001"/>
  <testcase name="testEvaluate[63: urn:oasis:names:tc:xacml:3.0:function:anyURI-substring]" classname="org.ow2.authzforce.core.pdp.impl.test.func.StringFunctionsTest" time="0.0"/>
  <testcase name="testEvaluate[64: urn:oasis:names:tc:xacml:3.0:function:anyURI-substring]" classname="org.ow2.authzforce.core.pdp.impl.test.func.StringFunctionsTest" time="0.0"/>
  <testcase name="testEvaluate[65: urn:oasis:names:tc:xacml:3.0:function:anyURI-substring]" classname="org.ow2.authzforce.core.pdp.impl.test.func.StringFunctionsTest" time="0.0"/>
  <testcase name="testEvaluate[66: urn:oasis:names:tc:xacml:3.0:function:anyURI-substring]" classname="org.ow2.authzforce.core.pdp.impl.test.func.StringFunctionsTest" time="0.001"/>
  <testcase name="testEvaluate[0: urn:oasis:names:tc:xacml:1.0:function:string-one-and-only]" classname="org.ow2.authzforce.core.pdp.impl.test.func.BagFunctionsTest" time="0.002"/>
  <testcase name="testEvaluate[1: urn:oasis:names:tc:xacml:1.0:function:string-one-and-only]" classname="org.ow2.authzforce.core.pdp.impl.test.func.BagFunctionsTest" time="0.002"/>
  <testcase name="testEvaluate[2: urn:oasis:names:tc:xacml:1.0:function:string-one-and-only]" classname="org.ow2.authzforce.core.pdp.impl.test.func.BagFunctionsTest" time="0.0"/>
  <testcase name="testEvaluate[3: urn:oasis:names:tc:xacml:1.0:function:boolean-one-and-only]" classname="org.ow2.authzforce.core.pdp.impl.test.func.BagFunctionsTest" time="0.0"/>
  <testcase name="testEvaluate[4: urn:oasis:names:tc:xacml:1.0:function:boolean-one-and-only]" classname="org.ow2.authzforce.core.pdp.impl.test.func.BagFunctionsTest" time="0.001"/>
  <testcase name="testEvaluate[5: urn:oasis:names:tc:xacml:1.0:function:boolean-one-and-only]" classname="org.ow2.authzforce.core.pdp.impl.test.func.BagFunctionsTest" time="0.0"/>
  <testcase name="testEvaluate[6: urn:oasis:names:tc:xacml:1.0:function:integer-one-and-only]" classname="org.ow2.authzforce.core.pdp.impl.test.func.BagFunctionsTest" time="0.0"/>
  <testcase name="testEvaluate[7: urn:oasis:names:tc:xacml:1.0:function:integer-one-and-only]" classname="org.ow2.authzforce.core.pdp.impl.test.func.BagFunctionsTest" time="0.0"/>
  <testcase name="testEvaluate[8: urn:oasis:names:tc:xacml:1.0:function:integer-one-and-only]" classname="org.ow2.authzforce.core.pdp.impl.test.func.BagFunctionsTest" time="0.0"/>
  <testcase name="testEvaluate[9: urn:oasis:names:tc:xacml:1.0:function:double-one-and-only]" classname="org.ow2.authzforce.core.pdp.impl.test.func.BagFunctionsTest" time="0.0"/>
  <testcase name="testEvaluate[10: urn:oasis:names:tc:xacml:1.0:function:double-one-and-only]" classname="org.ow2.authzforce.core.pdp.impl.test.func.BagFunctionsTest" time="0.0"/>
  <testcase name="testEvaluate[11: urn:oasis:names:tc:xacml:1.0:function:double-one-and-only]" classname="org.ow2.authzforce.core.pdp.impl.test.func.BagFunctionsTest" time="0.0"/>
  <testcase name="testEvaluate[12: urn:oasis:names:tc:xacml:1.0:function:anyURI-one-and-only]" classname="org.ow2.authzforce.core.pdp.impl.test.func.BagFunctionsTest" time="0.0"/>
  <testcase name="testEvaluate[13: urn:oasis:names:tc:xacml:1.0:function:anyURI-one-and-only]" classname="org.ow2.authzforce.core.pdp.impl.test.func.BagFunctionsTest" time="0.0"/>
  <testcase name="testEvaluate[14: urn:oasis:names:tc:xacml:1.0:function:anyURI-one-and-only]" classname="org.ow2.authzforce.core.pdp.impl.test.func.BagFunctionsTest" time="0.0"/>
  <testcase name="testEvaluate[15: urn:oasis:names:tc:xacml:1.0:function:hexBinary-one-and-only]" classname="org.ow2.authzforce.core.pdp.impl.test.func.BagFunctionsTest" time="0.001"/>
  <testcase name="testEvaluate[16: urn:oasis:names:tc:xacml:1.0:function:hexBinary-one-and-only]" classname="org.ow2.authzforce.core.pdp.impl.test.func.BagFunctionsTest" time="0.0"/>
  <testcase name="testEvaluate[17: urn:oasis:names:tc:xacml:1.0:function:hexBinary-one-and-only]" classname="org.ow2.authzforce.core.pdp.impl.test.func.BagFunctionsTest" time="0.0"/>
  <testcase name="testEvaluate[18: urn:oasis:names:tc:xacml:1.0:function:base64Binary-one-and-only]" classname="org.ow2.authzforce.core.pdp.impl.test.func.BagFunctionsTest" time="0.0"/>
  <testcase name="testEvaluate[19: urn:oasis:names:tc:xacml:1.0:function:base64Binary-one-and-only]" classname="org.ow2.authzforce.core.pdp.impl.test.func.BagFunctionsTest" time="0.001"/>
  <testcase name="testEvaluate[20: urn:oasis:names:tc:xacml:1.0:function:base64Binary-one-and-only]" classname="org.ow2.authzforce.core.pdp.impl.test.func.BagFunctionsTest" time="0.0"/>
  <testcase name="testEvaluate[21: urn:oasis:names:tc:xacml:1.0:function:time-one-and-only]" classname="org.ow2.authzforce.core.pdp.impl.test.func.BagFunctionsTest" time="0.001"/>
  <testcase name="testEvaluate[22: urn:oasis:names:tc:xacml:1.0:function:time-one-and-only]" classname="org.ow2.authzforce.core.pdp.impl.test.func.BagFunctionsTest" time="0.0"/>
  <testcase name="testEvaluate[23: urn:oasis:names:tc:xacml:1.0:function:time-one-and-only]" classname="org.ow2.authzforce.core.pdp.impl.test.func.BagFunctionsTest" time="0.0"/>
  <testcase name="testEvaluate[24: urn:oasis:names:tc:xacml:1.0:function:date-one-and-only]" classname="org.ow2.authzforce.core.pdp.impl.test.func.BagFunctionsTest" time="0.0"/>
  <testcase name="testEvaluate[25: urn:oasis:names:tc:xacml:1.0:function:date-one-and-only]" classname="org.ow2.authzforce.core.pdp.impl.test.func.BagFunctionsTest" time="0.0"/>
  <testcase name="testEvaluate[26: urn:oasis:names:tc:xacml:1.0:function:date-one-and-only]" classname="org.ow2.authzforce.core.pdp.impl.test.func.BagFunctionsTest" time="0.0"/>
  <testcase name="testEvaluate[27: urn:oasis:names:tc:xacml:1.0:function:dateTime-one-and-only]" classname="org.ow2.authzforce.core.pdp.impl.test.func.BagFunctionsTest" time="0.001"/>
  <testcase name="testEvaluate[28: urn:oasis:names:tc:xacml:1.0:function:dateTime-one-and-only]" classname="org.ow2.authzforce.core.pdp.impl.test.func.BagFunctionsTest" time="0.0"/>
  <testcase name="testEvaluate[29: urn:oasis:names:tc:xacml:1.0:function:dateTime-one-and-only]" classname="org.ow2.authzforce.core.pdp.impl.test.func.BagFunctionsTest" time="0.0"/>
  <testcase name="testEvaluate[30: urn:oasis:names:tc:xacml:3.0:function:dayTimeDuration-one-and-only]" classname="org.ow2.authzforce.core.pdp.impl.test.func.BagFunctionsTest" time="0.001"/>
  <testcase name="testEvaluate[31: urn:oasis:names:tc:xacml:3.0:function:dayTimeDuration-one-and-only]" classname="org.ow2.authzforce.core.pdp.impl.test.func.BagFunctionsTest" time="0.0"/>
  <testcase name="testEvaluate[32: urn:oasis:names:tc:xacml:3.0:function:dayTimeDuration-one-and-only]" classname="org.ow2.authzforce.core.pdp.impl.test.func.BagFunctionsTest" time="0.0"/>
  <testcase name="testEvaluate[33: urn:oasis:names:tc:xacml:3.0:function:yearMonthDuration-one-and-only]" classname="org.ow2.authzforce.core.pdp.impl.test.func.BagFunctionsTest" time="0.0"/>
  <testcase name="testEvaluate[34: urn:oasis:names:tc:xacml:3.0:function:yearMonthDuration-one-and-only]" classname="org.ow2.authzforce.core.pdp.impl.test.func.BagFunctionsTest" time="0.001"/>
  <testcase name="testEvaluate[35: urn:oasis:names:tc:xacml:3.0:function:yearMonthDuration-one-and-only]" classname="org.ow2.authzforce.core.pdp.impl.test.func.BagFunctionsTest" time="0.0"/>
  <testcase name="testEvaluate[36: urn:oasis:names:tc:xacml:1.0:function:x500Name-one-and-only]" classname="org.ow2.authzforce.core.pdp.impl.test.func.BagFunctionsTest" time="0.0"/>
  <testcase name="testEvaluate[37: urn:oasis:names:tc:xacml:1.0:function:x500Name-one-and-only]" classname="org.ow2.authzforce.core.pdp.impl.test.func.BagFunctionsTest" time="0.001"/>
  <testcase name="testEvaluate[38: urn:oasis:names:tc:xacml:1.0:function:x500Name-one-and-only]" classname="org.ow2.authzforce.core.pdp.impl.test.func.BagFunctionsTest" time="0.0"/>
  <testcase name="testEvaluate[39: urn:oasis:names:tc:xacml:1.0:function:rfc822Name-one-and-only]" classname="org.ow2.authzforce.core.pdp.impl.test.func.BagFunctionsTest" time="0.0"/>
  <testcase name="testEvaluate[40: urn:oasis:names:tc:xacml:1.0:function:rfc822Name-one-and-only]" classname="org.ow2.authzforce.core.pdp.impl.test.func.BagFunctionsTest" time="0.0"/>
  <testcase name="testEvaluate[41: urn:oasis:names:tc:xacml:1.0:function:rfc822Name-one-and-only]" classname="org.ow2.authzforce.core.pdp.impl.test.func.BagFunctionsTest" time="0.001"/>
  <testcase name="testEvaluate[42: urn:oasis:names:tc:xacml:2.0:function:ipAddress-one-and-only]" classname="org.ow2.authzforce.core.pdp.impl.test.func.BagFunctionsTest" time="0.0"/>
  <testcase name="testEvaluate[43: urn:oasis:names:tc:xacml:2.0:function:ipAddress-one-and-only]" classname="org.ow2.authzforce.core.pdp.impl.test.func.BagFunctionsTest" time="0.0"/>
  <testcase name="testEvaluate[44: urn:oasis:names:tc:xacml:2.0:function:ipAddress-one-and-only]" classname="org.ow2.authzforce.core.pdp.impl.test.func.BagFunctionsTest" time="0.0"/>
  <testcase name="testEvaluate[45: urn:oasis:names:tc:xacml:2.0:function:dnsName-one-and-only]" classname="org.ow2.authzforce.core.pdp.impl.test.func.BagFunctionsTest" time="0.0"/>
  <testcase name="testEvaluate[46: urn:oasis:names:tc:xacml:2.0:function:dnsName-one-and-only]" classname="org.ow2.authzforce.core.pdp.impl.test.func.BagFunctionsTest" time="0.001"/>
  <testcase name="testEvaluate[47: urn:oasis:names:tc:xacml:2.0:function:dnsName-one-and-only]" classname="org.ow2.authzforce.core.pdp.impl.test.func.BagFunctionsTest" time="0.0"/>
  <testcase name="testEvaluate[48: urn:oasis:names:tc:xacml:1.0:function:string-bag-size]" classname="org.ow2.authzforce.core.pdp.impl.test.func.BagFunctionsTest" time="0.0"/>
  <testcase name="testEvaluate[49: urn:oasis:names:tc:xacml:1.0:function:string-bag-size]" classname="org.ow2.authzforce.core.pdp.impl.test.func.BagFunctionsTest" time="0.001"/>
  <testcase name="testEvaluate[50: urn:oasis:names:tc:xacml:1.0:function:string-bag-size]" classname="org.ow2.authzforce.core.pdp.impl.test.func.BagFunctionsTest" time="0.0"/>
  <testcase name="testEvaluate[51: urn:oasis:names:tc:xacml:1.0:function:boolean-bag-size]" classname="org.ow2.authzforce.core.pdp.impl.test.func.BagFunctionsTest" time="0.0"/>
  <testcase name="testEvaluate[52: urn:oasis:names:tc:xacml:1.0:function:boolean-bag-size]" classname="org.ow2.authzforce.core.pdp.impl.test.func.BagFunctionsTest" time="0.0"/>
  <testcase name="testEvaluate[53: urn:oasis:names:tc:xacml:1.0:function:boolean-bag-size]" classname="org.ow2.authzforce.core.pdp.impl.test.func.BagFunctionsTest" time="0.0"/>
  <testcase name="testEvaluate[54: urn:oasis:names:tc:xacml:1.0:function:integer-bag-size]" classname="org.ow2.authzforce.core.pdp.impl.test.func.BagFunctionsTest" time="0.001"/>
  <testcase name="testEvaluate[55: urn:oasis:names:tc:xacml:1.0:function:integer-bag-size]" classname="org.ow2.authzforce.core.pdp.impl.test.func.BagFunctionsTest" time="0.0"/>
  <testcase name="testEvaluate[56: urn:oasis:names:tc:xacml:1.0:function:integer-bag-size]" classname="org.ow2.authzforce.core.pdp.impl.test.func.BagFunctionsTest" time="0.0"/>
  <testcase name="testEvaluate[57: urn:oasis:names:tc:xacml:1.0:function:double-bag-size]" classname="org.ow2.authzforce.core.pdp.impl.test.func.BagFunctionsTest" time="0.0"/>
  <testcase name="testEvaluate[58: urn:oasis:names:tc:xacml:1.0:function:double-bag-size]" classname="org.ow2.authzforce.core.pdp.impl.test.func.BagFunctionsTest" time="0.0"/>
  <testcase name="testEvaluate[59: urn:oasis:names:tc:xacml:1.0:function:double-bag-size]" classname="org.ow2.authzforce.core.pdp.impl.test.func.BagFunctionsTest" time="0.0"/>
  <testcase name="testEvaluate[60: urn:oasis:names:tc:xacml:1.0:function:anyURI-bag-size]" classname="org.ow2.authzforce.core.pdp.impl.test.func.BagFunctionsTest" time="0.0"/>
  <testcase name="testEvaluate[61: urn:oasis:names:tc:xacml:1.0:function:anyURI-bag-size]" classname="org.ow2.authzforce.core.pdp.impl.test.func.BagFunctionsTest" time="0.0"/>
  <testcase name="testEvaluate[62: urn:oasis:names:tc:xacml:1.0:function:anyURI-bag-size]" classname="org.ow2.authzforce.core.pdp.impl.test.func.BagFunctionsTest" time="0.001"/>
  <testcase name="testEvaluate[63: urn:oasis:names:tc:xacml:1.0:function:hexBinary-bag-size]" classname="org.ow2.authzforce.core.pdp.impl.test.func.BagFunctionsTest" time="0.0"/>
  <testcase name="testEvaluate[64: urn:oasis:names:tc:xacml:1.0:function:hexBinary-bag-size]" classname="org.ow2.authzforce.core.pdp.impl.test.func.BagFunctionsTest" time="0.0"/>
  <testcase name="testEvaluate[65: urn:oasis:names:tc:xacml:1.0:function:hexBinary-bag-size]" classname="org.ow2.authzforce.core.pdp.impl.test.func.BagFunctionsTest" time="0.0"/>
  <testcase name="testEvaluate[66: urn:oasis:names:tc:xacml:1.0:function:base64Binary-bag-size]" classname="org.ow2.authzforce.core.pdp.impl.test.func.BagFunctionsTest" time="0.0"/>
  <testcase name="testEvaluate[67: urn:oasis:names:tc:xacml:1.0:function:base64Binary-bag-size]" classname="org.ow2.authzforce.core.pdp.impl.test.func.BagFunctionsTest" time="0.0"/>
  <testcase name="testEvaluate[68: urn:oasis:names:tc:xacml:1.0:function:base64Binary-bag-size]" classname="org.ow2.authzforce.core.pdp.impl.test.func.BagFunctionsTest" time="0.0"/>
  <testcase name="testEvaluate[69: urn:oasis:names:tc:xacml:1.0:function:time-bag-size]" classname="org.ow2.authzforce.core.pdp.impl.test.func.BagFunctionsTest" time="0.0"/>
  <testcase name="testEvaluate[70: urn:oasis:names:tc:xacml:1.0:function:time-bag-size]" classname="org.ow2.authzforce.core.pdp.impl.test.func.BagFunctionsTest" time="0.0"/>
  <testcase name="testEvaluate[71: urn:oasis:names:tc:xacml:1.0:function:time-bag-size]" classname="org.ow2.authzforce.core.pdp.impl.test.func.BagFunctionsTest" time="0.001"/>
  <testcase name="testEvaluate[72: urn:oasis:names:tc:xacml:1.0:function:date-bag-size]" classname="org.ow2.authzforce.core.pdp.impl.test.func.BagFunctionsTest" time="0.0"/>
  <testcase name="testEvaluate[73: urn:oasis:names:tc:xacml:1.0:function:date-bag-size]" classname="org.ow2.authzforce.core.pdp.impl.test.func.BagFunctionsTest" time="0.0"/>
  <testcase name="testEvaluate[74: urn:oasis:names:tc:xacml:1.0:function:date-bag-size]" classname="org.ow2.authzforce.core.pdp.impl.test.func.BagFunctionsTest" time="0.0"/>
  <testcase name="testEvaluate[75: urn:oasis:names:tc:xacml:1.0:function:dateTime-bag-size]" classname="org.ow2.authzforce.core.pdp.impl.test.func.BagFunctionsTest" time="0.0"/>
  <testcase name="testEvaluate[76: urn:oasis:names:tc:xacml:1.0:function:dateTime-bag-size]" classname="org.ow2.authzforce.core.pdp.impl.test.func.BagFunctionsTest" time="0.0"/>
  <testcase name="testEvaluate[77: urn:oasis:names:tc:xacml:1.0:function:dateTime-bag-size]" classname="org.ow2.authzforce.core.pdp.impl.test.func.BagFunctionsTest" time="0.0"/>
  <testcase name="testEvaluate[78: urn:oasis:names:tc:xacml:3.0:function:dayTimeDuration-bag-size]" classname="org.ow2.authzforce.core.pdp.impl.test.func.BagFunctionsTest" time="0.0"/>
  <testcase name="testEvaluate[79: urn:oasis:names:tc:xacml:3.0:function:dayTimeDuration-bag-size]" classname="org.ow2.authzforce.core.pdp.impl.test.func.BagFunctionsTest" time="0.0"/>
  <testcase name="testEvaluate[80: urn:oasis:names:tc:xacml:3.0:function:dayTimeDuration-bag-size]" classname="org.ow2.authzforce.core.pdp.impl.test.func.BagFunctionsTest" time="0.0"/>
  <testcase name="testEvaluate[81: urn:oasis:names:tc:xacml:3.0:function:yearMonthDuration-bag-size]" classname="org.ow2.authzforce.core.pdp.impl.test.func.BagFunctionsTest" time="0.0"/>
  <testcase name="testEvaluate[82: urn:oasis:names:tc:xacml:3.0:function:yearMonthDuration-bag-size]" classname="org.ow2.authzforce.core.pdp.impl.test.func.BagFunctionsTest" time="0.0"/>
  <testcase name="testEvaluate[83: urn:oasis:names:tc:xacml:3.0:function:yearMonthDuration-bag-size]" classname="org.ow2.authzforce.core.pdp.impl.test.func.BagFunctionsTest" time="0.0"/>
  <testcase name="testEvaluate[84: urn:oasis:names:tc:xacml:1.0:function:x500Name-bag-size]" classname="org.ow2.authzforce.core.pdp.impl.test.func.BagFunctionsTest" time="0.0"/>
  <testcase name="testEvaluate[85: urn:oasis:names:tc:xacml:1.0:function:x500Name-bag-size]" classname="org.ow2.authzforce.core.pdp.impl.test.func.BagFunctionsTest" time="0.001"/>
  <testcase name="testEvaluate[86: urn:oasis:names:tc:xacml:1.0:function:x500Name-bag-size]" classname="org.ow2.authzforce.core.pdp.impl.test.func.BagFunctionsTest" time="0.0"/>
  <testcase name="testEvaluate[87: urn:oasis:names:tc:xacml:1.0:function:rfc822Name-bag-size]" classname="org.ow2.authzforce.core.pdp.impl.test.func.BagFunctionsTest" time="0.0"/>
  <testcase name="testEvaluate[88: urn:oasis:names:tc:xacml:1.0:function:rfc822Name-bag-size]" classname="org.ow2.authzforce.core.pdp.impl.test.func.BagFunctionsTest" time="0.0"/>
  <testcase name="testEvaluate[89: urn:oasis:names:tc:xacml:1.0:function:rfc822Name-bag-size]" classname="org.ow2.authzforce.core.pdp.impl.test.func.BagFunctionsTest" time="0.001"/>
  <testcase name="testEvaluate[90: urn:oasis:names:tc:xacml:2.0:function:ipAddress-bag-size]" classname="org.ow2.authzforce.core.pdp.impl.test.func.BagFunctionsTest" time="0.0"/>
  <testcase name="testEvaluate[91: urn:oasis:names:tc:xacml:2.0:function:ipAddress-bag-size]" classname="org.ow2.authzforce.core.pdp.impl.test.func.BagFunctionsTest" time="0.0"/>
  <testcase name="testEvaluate[92: urn:oasis:names:tc:xacml:2.0:function:ipAddress-bag-size]" classname="org.ow2.authzforce.core.pdp.impl.test.func.BagFunctionsTest" time="0.0"/>
  <testcase name="testEvaluate[93: urn:oasis:names:tc:xacml:2.0:function:dnsName-bag-size]" classname="org.ow2.authzforce.core.pdp.impl.test.func.BagFunctionsTest" time="0.0"/>
  <testcase name="testEvaluate[94: urn:oasis:names:tc:xacml:2.0:function:dnsName-bag-size]" classname="org.ow2.authzforce.core.pdp.impl.test.func.BagFunctionsTest" time="0.001"/>
  <testcase name="testEvaluate[95: urn:oasis:names:tc:xacml:2.0:function:dnsName-bag-size]" classname="org.ow2.authzforce.core.pdp.impl.test.func.BagFunctionsTest" time="0.0"/>
  <testcase name="testEvaluate[96: urn:oasis:names:tc:xacml:1.0:function:string-is-in]" classname="org.ow2.authzforce.core.pdp.impl.test.func.BagFunctionsTest" time="0.002"/>
  <testcase name="testEvaluate[97: urn:oasis:names:tc:xacml:1.0:function:string-is-in]" classname="org.ow2.authzforce.core.pdp.impl.test.func.BagFunctionsTest" time="0.001"/>
  <testcase name="testEvaluate[98: urn:oasis:names:tc:xacml:1.0:function:string-is-in]" classname="org.ow2.authzforce.core.pdp.impl.test.func.BagFunctionsTest" time="0.001"/>
  <testcase name="testEvaluate[99: urn:oasis:names:tc:xacml:1.0:function:boolean-is-in]" classname="org.ow2.authzforce.core.pdp.impl.test.func.BagFunctionsTest" time="0.0"/>
  <testcase name="testEvaluate[100: urn:oasis:names:tc:xacml:1.0:function:boolean-is-in]" classname="org.ow2.authzforce.core.pdp.impl.test.func.BagFunctionsTest" time="0.0"/>
  <testcase name="testEvaluate[101: urn:oasis:names:tc:xacml:1.0:function:boolean-is-in]" classname="org.ow2.authzforce.core.pdp.impl.test.func.BagFunctionsTest" time="0.0"/>
  <testcase name="testEvaluate[102: urn:oasis:names:tc:xacml:1.0:function:integer-is-in]" classname="org.ow2.authzforce.core.pdp.impl.test.func.BagFunctionsTest" time="0.0"/>
  <testcase name="testEvaluate[103: urn:oasis:names:tc:xacml:1.0:function:integer-is-in]" classname="org.ow2.authzforce.core.pdp.impl.test.func.BagFunctionsTest" time="0.0"/>
  <testcase name="testEvaluate[104: urn:oasis:names:tc:xacml:1.0:function:integer-is-in]" classname="org.ow2.authzforce.core.pdp.impl.test.func.BagFunctionsTest" time="0.0"/>
  <testcase name="testEvaluate[105: urn:oasis:names:tc:xacml:1.0:function:double-is-in]" classname="org.ow2.authzforce.core.pdp.impl.test.func.BagFunctionsTest" time="0.0"/>
  <testcase name="testEvaluate[106: urn:oasis:names:tc:xacml:1.0:function:double-is-in]" classname="org.ow2.authzforce.core.pdp.impl.test.func.BagFunctionsTest" time="0.0"/>
  <testcase name="testEvaluate[107: urn:oasis:names:tc:xacml:1.0:function:double-is-in]" classname="org.ow2.authzforce.core.pdp.impl.test.func.BagFunctionsTest" time="0.0"/>
  <testcase name="testEvaluate[108: urn:oasis:names:tc:xacml:1.0:function:anyURI-is-in]" classname="org.ow2.authzforce.core.pdp.impl.test.func.BagFunctionsTest" time="0.0"/>
  <testcase name="testEvaluate[109: urn:oasis:names:tc:xacml:1.0:function:anyURI-is-in]" classname="org.ow2.authzforce.core.pdp.impl.test.func.BagFunctionsTest" time="0.0"/>
  <testcase name="testEvaluate[110: urn:oasis:names:tc:xacml:1.0:function:anyURI-is-in]" classname="org.ow2.authzforce.core.pdp.impl.test.func.BagFunctionsTest" time="0.0"/>
  <testcase name="testEvaluate[111: urn:oasis:names:tc:xacml:1.0:function:hexBinary-is-in]" classname="org.ow2.authzforce.core.pdp.impl.test.func.BagFunctionsTest" time="0.0"/>
  <testcase name="testEvaluate[112: urn:oasis:names:tc:xacml:1.0:function:hexBinary-is-in]" classname="org.ow2.authzforce.core.pdp.impl.test.func.BagFunctionsTest" time="0.0"/>
  <testcase name="testEvaluate[113: urn:oasis:names:tc:xacml:1.0:function:hexBinary-is-in]" classname="org.ow2.authzforce.core.pdp.impl.test.func.BagFunctionsTest" time="0.001"/>
  <testcase name="testEvaluate[114: urn:oasis:names:tc:xacml:1.0:function:base64Binary-is-in]" classname="org.ow2.authzforce.core.pdp.impl.test.func.BagFunctionsTest" time="0.0"/>
  <testcase name="testEvaluate[115: urn:oasis:names:tc:xacml:1.0:function:base64Binary-is-in]" classname="org.ow2.authzforce.core.pdp.impl.test.func.BagFunctionsTest" time="0.0"/>
  <testcase name="testEvaluate[116: urn:oasis:names:tc:xacml:1.0:function:base64Binary-is-in]" classname="org.ow2.authzforce.core.pdp.impl.test.func.BagFunctionsTest" time="0.0"/>
  <testcase name="testEvaluate[117: urn:oasis:names:tc:xacml:1.0:function:time-is-in]" classname="org.ow2.authzforce.core.pdp.impl.test.func.BagFunctionsTest" time="0.0"/>
  <testcase name="testEvaluate[118: urn:oasis:names:tc:xacml:1.0:function:time-is-in]" classname="org.ow2.authzforce.core.pdp.impl.test.func.BagFunctionsTest" time="0.001"/>
  <testcase name="testEvaluate[119: urn:oasis:names:tc:xacml:1.0:function:time-is-in]" classname="org.ow2.authzforce.core.pdp.impl.test.func.BagFunctionsTest" time="0.0"/>
  <testcase name="testEvaluate[120: urn:oasis:names:tc:xacml:1.0:function:date-is-in]" classname="org.ow2.authzforce.core.pdp.impl.test.func.BagFunctionsTest" time="0.0"/>
  <testcase name="testEvaluate[121: urn:oasis:names:tc:xacml:1.0:function:date-is-in]" classname="org.ow2.authzforce.core.pdp.impl.test.func.BagFunctionsTest" time="0.0"/>
  <testcase name="testEvaluate[122: urn:oasis:names:tc:xacml:1.0:function:date-is-in]" classname="org.ow2.authzforce.core.pdp.impl.test.func.BagFunctionsTest" time="0.001"/>
  <testcase name="testEvaluate[123: urn:oasis:names:tc:xacml:1.0:function:dateTime-is-in]" classname="org.ow2.authzforce.core.pdp.impl.test.func.BagFunctionsTest" time="0.0"/>
  <testcase name="testEvaluate[124: urn:oasis:names:tc:xacml:1.0:function:dateTime-is-in]" classname="org.ow2.authzforce.core.pdp.impl.test.func.BagFunctionsTest" time="0.0"/>
  <testcase name="testEvaluate[125: urn:oasis:names:tc:xacml:1.0:function:dateTime-is-in]" classname="org.ow2.authzforce.core.pdp.impl.test.func.BagFunctionsTest" time="0.0"/>
  <testcase name="testEvaluate[126: urn:oasis:names:tc:xacml:3.0:function:dayTimeDuration-is-in]" classname="org.ow2.authzforce.core.pdp.impl.test.func.BagFunctionsTest" time="0.0"/>
  <testcase name="testEvaluate[127: urn:oasis:names:tc:xacml:3.0:function:dayTimeDuration-is-in]" classname="org.ow2.authzforce.core.pdp.impl.test.func.BagFunctionsTest" time="0.001"/>
  <testcase name="testEvaluate[128: urn:oasis:names:tc:xacml:3.0:function:dayTimeDuration-is-in]" classname="org.ow2.authzforce.core.pdp.impl.test.func.BagFunctionsTest" time="0.0"/>
  <testcase name="testEvaluate[129: urn:oasis:names:tc:xacml:3.0:function:yearMonthDuration-is-in]" classname="org.ow2.authzforce.core.pdp.impl.test.func.BagFunctionsTest" time="0.0"/>
  <testcase name="testEvaluate[130: urn:oasis:names:tc:xacml:3.0:function:yearMonthDuration-is-in]" classname="org.ow2.authzforce.core.pdp.impl.test.func.BagFunctionsTest" time="0.001"/>
  <testcase name="testEvaluate[131: urn:oasis:names:tc:xacml:3.0:function:yearMonthDuration-is-in]" classname="org.ow2.authzforce.core.pdp.impl.test.func.BagFunctionsTest" time="0.0"/>
  <testcase name="testEvaluate[132: urn:oasis:names:tc:xacml:1.0:function:x500Name-is-in]" classname="org.ow2.authzforce.core.pdp.impl.test.func.BagFunctionsTest" time="0.0"/>
  <testcase name="testEvaluate[133: urn:oasis:names:tc:xacml:1.0:function:x500Name-is-in]" classname="org.ow2.authzforce.core.pdp.impl.test.func.BagFunctionsTest" time="0.001"/>
  <testcase name="testEvaluate[134: urn:oasis:names:tc:xacml:1.0:function:x500Name-is-in]" classname="org.ow2.authzforce.core.pdp.impl.test.func.BagFunctionsTest" time="0.0"/>
  <testcase name="testEvaluate[135: urn:oasis:names:tc:xacml:1.0:function:rfc822Name-is-in]" classname="org.ow2.authzforce.core.pdp.impl.test.func.BagFunctionsTest" time="0.0"/>
  <testcase name="testEvaluate[136: urn:oasis:names:tc:xacml:1.0:function:rfc822Name-is-in]" classname="org.ow2.authzforce.core.pdp.impl.test.func.BagFunctionsTest" time="0.0"/>
  <testcase name="testEvaluate[137: urn:oasis:names:tc:xacml:1.0:function:rfc822Name-is-in]" classname="org.ow2.authzforce.core.pdp.impl.test.func.BagFunctionsTest" time="0.0"/>
  <testcase name="testEvaluate[138: urn:oasis:names:tc:xacml:2.0:function:ipAddress-is-in]" classname="org.ow2.authzforce.core.pdp.impl.test.func.BagFunctionsTest" time="0.0"/>
  <testcase name="testEvaluate[139: urn:oasis:names:tc:xacml:2.0:function:ipAddress-is-in]" classname="org.ow2.authzforce.core.pdp.impl.test.func.BagFunctionsTest" time="0.001"/>
  <testcase name="testEvaluate[140: urn:oasis:names:tc:xacml:2.0:function:ipAddress-is-in]" classname="org.ow2.authzforce.core.pdp.impl.test.func.BagFunctionsTest" time="0.0"/>
  <testcase name="testEvaluate[141: urn:oasis:names:tc:xacml:2.0:function:dnsName-is-in]" classname="org.ow2.authzforce.core.pdp.impl.test.func.BagFunctionsTest" time="0.0"/>
  <testcase name="testEvaluate[142: urn:oasis:names:tc:xacml:2.0:function:dnsName-is-in]" classname="org.ow2.authzforce.core.pdp.impl.test.func.BagFunctionsTest" time="0.0"/>
  <testcase name="testEvaluate[143: urn:oasis:names:tc:xacml:2.0:function:dnsName-is-in]" classname="org.ow2.authzforce.core.pdp.impl.test.func.BagFunctionsTest" time="0.0"/>
  <testcase name="testEvaluate[144: urn:oasis:names:tc:xacml:1.0:function:string-bag]" classname="org.ow2.authzforce.core.pdp.impl.test.func.BagFunctionsTest" time="0.001"/>
  <testcase name="testEvaluate[145: urn:oasis:names:tc:xacml:1.0:function:boolean-bag]" classname="org.ow2.authzforce.core.pdp.impl.test.func.BagFunctionsTest" time="0.0"/>
  <testcase name="testEvaluate[146: urn:oasis:names:tc:xacml:1.0:function:integer-bag]" classname="org.ow2.authzforce.core.pdp.impl.test.func.BagFunctionsTest" time="0.0"/>
  <testcase name="testEvaluate[147: urn:oasis:names:tc:xacml:1.0:function:double-bag]" classname="org.ow2.authzforce.core.pdp.impl.test.func.BagFunctionsTest" time="0.0"/>
  <testcase name="testEvaluate[148: urn:oasis:names:tc:xacml:1.0:function:anyURI-bag]" classname="org.ow2.authzforce.core.pdp.impl.test.func.BagFunctionsTest" time="0.0"/>
  <testcase name="testEvaluate[149: urn:oasis:names:tc:xacml:1.0:function:hexBinary-bag]" classname="org.ow2.authzforce.core.pdp.impl.test.func.BagFunctionsTest" time="0.0"/>
  <testcase name="testEvaluate[150: urn:oasis:names:tc:xacml:1.0:function:base64Binary-bag]" classname="org.ow2.authzforce.core.pdp.impl.test.func.BagFunctionsTest" time="0.001"/>
  <testcase name="testEvaluate[151: urn:oasis:names:tc:xacml:1.0:function:time-bag]" classname="org.ow2.authzforce.core.pdp.impl.test.func.BagFunctionsTest" time="0.0"/>
  <testcase name="testEvaluate[152: urn:oasis:names:tc:xacml:1.0:function:date-bag]" classname="org.ow2.authzforce.core.pdp.impl.test.func.BagFunctionsTest" time="0.0"/>
  <testcase name="testEvaluate[153: urn:oasis:names:tc:xacml:1.0:function:dateTime-bag]" classname="org.ow2.authzforce.core.pdp.impl.test.func.BagFunctionsTest" time="0.0"/>
  <testcase name="testEvaluate[154: urn:oasis:names:tc:xacml:3.0:function:dayTimeDuration-bag]" classname="org.ow2.authzforce.core.pdp.impl.test.func.BagFunctionsTest" time="0.001"/>
[...]
  <testcase name="testEvaluate[12: urn:oasis:names:tc:xacml:3.0:function:any-of-any]" classname="org.ow2.authzforce.core.pdp.impl.test.func.HigherOrderFunctionsTest" time="0.0"/>
  <testcase name="testEvaluate[13: urn:oasis:names:tc:xacml:1.0:function:all-of-any]" classname="org.ow2.authzforce.core.pdp.impl.test.func.HigherOrderFunctionsTest" time="0.001"/>
  <testcase name="testEvaluate[14: urn:oasis:names:tc:xacml:1.0:function:all-of-any]" classname="org.ow2.authzforce.core.pdp.impl.test.func.HigherOrderFunctionsTest" time="0.0"/>
  <testcase name="testEvaluate[15: urn:oasis:names:tc:xacml:1.0:function:all-of-any]" classname="org.ow2.authzforce.core.pdp.impl.test.func.HigherOrderFunctionsTest" time="0.003"/>
  <testcase name="testEvaluate[16: urn:oasis:names:tc:xacml:1.0:function:all-of-any]" classname="org.ow2.authzforce.core.pdp.impl.test.func.HigherOrderFunctionsTest" time="0.0"/>
  <testcase name="testEvaluate[17: urn:oasis:names:tc:xacml:1.0:function:all-of-any]" classname="org.ow2.authzforce.core.pdp.impl.test.func.HigherOrderFunctionsTest" time="0.0"/>
  <testcase name="testEvaluate[18: urn:oasis:names:tc:xacml:1.0:function:all-of-any]" classname="org.ow2.authzforce.core.pdp.impl.test.func.HigherOrderFunctionsTest" time="0.0"/>
  <testcase name="testEvaluate[19: urn:oasis:names:tc:xacml:1.0:function:any-of-all]" classname="org.ow2.authzforce.core.pdp.impl.test.func.HigherOrderFunctionsTest" time="0.001"/>
  <testcase name="testEvaluate[20: urn:oasis:names:tc:xacml:1.0:function:any-of-all]" classname="org.ow2.authzforce.core.pdp.impl.test.func.HigherOrderFunctionsTest" time="0.0"/>
  <testcase name="testEvaluate[21: urn:oasis:names:tc:xacml:1.0:function:all-of-all]" classname="org.ow2.authzforce.core.pdp.impl.test.func.HigherOrderFunctionsTest" time="0.0"/>
  <testcase name="testEvaluate[22: urn:oasis:names:tc:xacml:1.0:function:all-of-all]" classname="org.ow2.authzforce.core.pdp.impl.test.func.HigherOrderFunctionsTest" time="0.0"/>
  <testcase name="testEvaluate[23: urn:oasis:names:tc:xacml:1.0:function:all-of-all]" classname="org.ow2.authzforce.core.pdp.impl.test.func.HigherOrderFunctionsTest" time="0.0"/>
  <testcase name="testEvaluate[24: urn:oasis:names:tc:xacml:1.0:function:all-of-all]" classname="org.ow2.authzforce.core.pdp.impl.test.func.HigherOrderFunctionsTest" time="0.0"/>
  <testcase name="testEvaluate[25: urn:oasis:names:tc:xacml:3.0:function:map]" classname="org.ow2.authzforce.core.pdp.impl.test.func.HigherOrderFunctionsTest" time="0.001"/>
  <testcase name="testEvaluate[26: urn:oasis:names:tc:xacml:3.0:function:map]" classname="org.ow2.authzforce.core.pdp.impl.test.func.HigherOrderFunctionsTest" time="0.0"/>
  <testcase name="testEvaluate[27: urn:oasis:names:tc:xacml:3.0:function:map]" classname="org.ow2.authzforce.core.pdp.impl.test.func.HigherOrderFunctionsTest" time="0.001"/>
  <testcase name="testEvaluate[28: urn:oasis:names:tc:xacml:3.0:function:map]" classname="org.ow2.authzforce.core.pdp.impl.test.func.HigherOrderFunctionsTest" time="0.0"/>
  <testcase name="testEvaluate[29: urn:oasis:names:tc:xacml:3.0:function:map]" classname="org.ow2.authzforce.core.pdp.impl.test.func.HigherOrderFunctionsTest" time="0.001"/>
  <testcase name="testEvaluate[30: urn:oasis:names:tc:xacml:3.0:function:map]" classname="org.ow2.authzforce.core.pdp.impl.test.func.HigherOrderFunctionsTest" time="0.0"/>
  <testcase name="testEvaluate[0: urn:oasis:names:tc:xacml:1.0:function:string-regexp-match]" classname="org.ow2.authzforce.core.pdp.impl.test.func.RegExpBasedFunctionsTest" time="0.007"/>
  <testcase name="testEvaluate[1: urn:oasis:names:tc:xacml:1.0:function:string-regexp-match]" classname="org.ow2.authzforce.core.pdp.impl.test.func.RegExpBasedFunctionsTest" time="0.0"/>
  <testcase name="testEvaluate[2: urn:oasis:names:tc:xacml:2.0:function:anyURI-regexp-match]" classname="org.ow2.authzforce.core.pdp.impl.test.func.RegExpBasedFunctionsTest" time="0.0"/>
  <testcase name="testEvaluate[3: urn:oasis:names:tc:xacml:2.0:function:anyURI-regexp-match]" classname="org.ow2.authzforce.core.pdp.impl.test.func.RegExpBasedFunctionsTest" time="0.002"/>
  <testcase name="testEvaluate[4: urn:oasis:names:tc:xacml:2.0:function:ipAddress-regexp-match]" classname="org.ow2.authzforce.core.pdp.impl.test.func.RegExpBasedFunctionsTest" time="0.128"/>
  <testcase name="testEvaluate[5: urn:oasis:names:tc:xacml:2.0:function:ipAddress-regexp-match]" classname="org.ow2.authzforce.core.pdp.impl.test.func.RegExpBasedFunctionsTest" time="0.0"/>
  <testcase name="testEvaluate[6: urn:oasis:names:tc:xacml:2.0:function:ipAddress-regexp-match]" classname="org.ow2.authzforce.core.pdp.impl.test.func.RegExpBasedFunctionsTest" time="0.001"/>
  <testcase name="testEvaluate[7: urn:oasis:names:tc:xacml:2.0:function:ipAddress-regexp-match]" classname="org.ow2.authzforce.core.pdp.impl.test.func.RegExpBasedFunctionsTest" time="0.0"/>
  <testcase name="testEvaluate[8: urn:oasis:names:tc:xacml:2.0:function:ipAddress-regexp-match]" classname="org.ow2.authzforce.core.pdp.impl.test.func.RegExpBasedFunctionsTest" time="0.0"/>
  <testcase name="testEvaluate[9: urn:oasis:names:tc:xacml:2.0:function:ipAddress-regexp-match]" classname="org.ow2.authzforce.core.pdp.impl.test.func.RegExpBasedFunctionsTest" time="0.0"/>
  <testcase name="testEvaluate[10: urn:oasis:names:tc:xacml:2.0:function:dnsName-regexp-match]" classname="org.ow2.authzforce.core.pdp.impl.test.func.RegExpBasedFunctionsTest" time="0.0"/>
  <testcase name="testEvaluate[11: urn:oasis:names:tc:xacml:2.0:function:dnsName-regexp-match]" classname="org.ow2.authzforce.core.pdp.impl.test.func.RegExpBasedFunctionsTest" time="0.0"/>
  <testcase name="testEvaluate[12: urn:oasis:names:tc:xacml:2.0:function:rfc822Name-regexp-match]" classname="org.ow2.authzforce.core.pdp.impl.test.func.RegExpBasedFunctionsTest" time="0.001"/>
  <testcase name="testEvaluate[13: urn:oasis:names:tc:xacml:2.0:function:rfc822Name-regexp-match]" classname="org.ow2.authzforce.core.pdp.impl.test.func.RegExpBasedFunctionsTest" time="0.0"/>
  <testcase name="testEvaluate[14: urn:oasis:names:tc:xacml:2.0:function:x500Name-regexp-match]" classname="org.ow2.authzforce.core.pdp.impl.test.func.RegExpBasedFunctionsTest" time="0.001"/>
  <testcase name="testEvaluate[15: urn:oasis:names:tc:xacml:2.0:function:x500Name-regexp-match]" classname="org.ow2.authzforce.core.pdp.impl.test.func.RegExpBasedFunctionsTest" time="0.0"/>
  <testcase name="testEvaluate[0: urn:oasis:names:tc:xacml:1.0:function:x500Name-match]" classname="org.ow2.authzforce.core.pdp.impl.test.func.SpecialMatchFunctionsTest" time="0.001"/>
  <testcase name="testEvaluate[1: urn:oasis:names:tc:xacml:1.0:function:x500Name-match]" classname="org.ow2.authzforce.core.pdp.impl.test.func.SpecialMatchFunctionsTest" time="0.0"/>
  <testcase name="testEvaluate[2: urn:oasis:names:tc:xacml:1.0:function:x500Name-match]" classname="org.ow2.authzforce.core.pdp.impl.test.func.SpecialMatchFunctionsTest" time="0.0"/>
  <testcase name="testEvaluate[3: urn:oasis:names:tc:xacml:1.0:function:x500Name-match]" classname="org.ow2.authzforce.core.pdp.impl.test.func.SpecialMatchFunctionsTest" time="0.0"/>
  <testcase name="testEvaluate[4: urn:oasis:names:tc:xacml:1.0:function:x500Name-match]" classname="org.ow2.authzforce.core.pdp.impl.test.func.SpecialMatchFunctionsTest" time="0.0"/>
  <testcase name="testEvaluate[5: urn:oasis:names:tc:xacml:1.0:function:rfc822Name-match]" classname="org.ow2.authzforce.core.pdp.impl.test.func.SpecialMatchFunctionsTest" time="0.0"/>
  <testcase name="testEvaluate[6: urn:oasis:names:tc:xacml:1.0:function:rfc822Name-match]" classname="org.ow2.authzforce.core.pdp.impl.test.func.SpecialMatchFunctionsTest" time="0.0"/>
  <testcase name="testEvaluate[7: urn:oasis:names:tc:xacml:1.0:function:rfc822Name-match]" classname="org.ow2.authzforce.core.pdp.impl.test.func.SpecialMatchFunctionsTest" time="0.0"/>
  <testcase name="testEvaluate[8: urn:oasis:names:tc:xacml:1.0:function:rfc822Name-match]" classname="org.ow2.authzforce.core.pdp.impl.test.func.SpecialMatchFunctionsTest" time="0.0"/>
  <testcase name="testEvaluate[9: urn:oasis:names:tc:xacml:1.0:function:rfc822Name-match]" classname="org.ow2.authzforce.core.pdp.impl.test.func.SpecialMatchFunctionsTest" time="0.0"/>
  <testcase name="testEvaluate[10: urn:oasis:names:tc:xacml:1.0:function:rfc822Name-match]" classname="org.ow2.authzforce.core.pdp.impl.test.func.SpecialMatchFunctionsTest" time="0.0"/>
  <testcase name="testEvaluate[11: urn:oasis:names:tc:xacml:1.0:function:rfc822Name-match]" classname="org.ow2.authzforce.core.pdp.impl.test.func.SpecialMatchFunctionsTest" time="0.0"/>
  <testcase name="testEvaluate[12: urn:oasis:names:tc:xacml:1.0:function:rfc822Name-match]" classname="org.ow2.authzforce.core.pdp.impl.test.func.SpecialMatchFunctionsTest" time="0.0"/>
  <testcase name="testEvaluate[13: urn:oasis:names:tc:xacml:1.0:function:rfc822Name-match]" classname="org.ow2.authzforce.core.pdp.impl.test.func.SpecialMatchFunctionsTest" time="0.0"/>
  <testcase name="testEvaluate[14: urn:oasis:names:tc:xacml:1.0:function:rfc822Name-match]" classname="org.ow2.authzforce.core.pdp.impl.test.func.SpecialMatchFunctionsTest" time="0.0"/>
  <testcase name="testEvaluate[15: urn:oasis:names:tc:xacml:1.0:function:rfc822Name-match]" classname="org.ow2.authzforce.core.pdp.impl.test.func.SpecialMatchFunctionsTest" time="0.001"/>
  <testcase name="test[0: [] -&gt; http://www.w3.org/2001/XMLSchema#string]" classname="org.ow2.authzforce.core.pdp.impl.test.value.StandardJavaTypeToXacmlAttributeDatatypeConversionTest" time="0.004"/>
  <testcase name="test[1: [string] -&gt; http://www.w3.org/2001/XMLSchema#string]" classname="org.ow2.authzforce.core.pdp.impl.test.value.StandardJavaTypeToXacmlAttributeDatatypeConversionTest" time="0.27"/>
  <testcase name="test[2: [string1, string2] -&gt; http://www.w3.org/2001/XMLSchema#string]" classname="org.ow2.authzforce.core.pdp.impl.test.value.StandardJavaTypeToXacmlAttributeDatatypeConversionTest" time="0.003"/>
  <testcase name="test[3: [null] -&gt; http://www.w3.org/2001/XMLSchema#boolean]" classname="org.ow2.authzforce.core.pdp.impl.test.value.StandardJavaTypeToXacmlAttributeDatatypeConversionTest" time="0.0"/>
  <testcase name="test[4: [true] -&gt; http://www.w3.org/2001/XMLSchema#boolean]" classname="org.ow2.authzforce.core.pdp.impl.test.value.StandardJavaTypeToXacmlAttributeDatatypeConversionTest" time="0.002"/>
  <testcase name="test[5: [true, false] -&gt; http://www.w3.org/2001/XMLSchema#boolean]" classname="org.ow2.authzforce.core.pdp.impl.test.value.StandardJavaTypeToXacmlAttributeDatatypeConversionTest" time="0.002"/>
  <testcase name="test[6: [null] -&gt; http://www.w3.org/2001/XMLSchema#integer]" classname="org.ow2.authzforce.core.pdp.impl.test.value.StandardJavaTypeToXacmlAttributeDatatypeConversionTest" time="0.0"/>
  <testcase name="test[7: [-32768] -&gt; http://www.w3.org/2001/XMLSchema#integer]" classname="org.ow2.authzforce.core.pdp.impl.test.value.StandardJavaTypeToXacmlAttributeDatatypeConversionTest" time="0.002"/>
  <testcase name="test[8: [-2147483648] -&gt; http://www.w3.org/2001/XMLSchema#integer]" classname="org.ow2.authzforce.core.pdp.impl.test.value.StandardJavaTypeToXacmlAttributeDatatypeConversionTest" time="0.001"/>
  <testcase name="test[9: [0] -&gt; http://www.w3.org/2001/XMLSchema#integer]" classname="org.ow2.authzforce.core.pdp.impl.test.value.StandardJavaTypeToXacmlAttributeDatatypeConversionTest" time="0.002"/>
  <testcase name="test[10: [9223372036854775807] -&gt; http://www.w3.org/2001/XMLSchema#integer]" classname="org.ow2.authzforce.core.pdp.impl.test.value.StandardJavaTypeToXacmlAttributeDatatypeConversionTest" time="0.0"/>
  <testcase name="test[11: [9223372036854775807] -&gt; http://www.w3.org/2001/XMLSchema#integer]" classname="org.ow2.authzforce.core.pdp.impl.test.value.StandardJavaTypeToXacmlAttributeDatatypeConversionTest" time="0.002"/>
  <testcase name="test[12: [0] -&gt; http://www.w3.org/2001/XMLSchema#integer]" classname="org.ow2.authzforce.core.pdp.impl.test.value.StandardJavaTypeToXacmlAttributeDatatypeConversionTest" time="0.001"/>
  <testcase name="test[13: [0] -&gt; http://www.w3.org/2001/XMLSchema#integer]" classname="org.ow2.authzforce.core.pdp.impl.test.value.StandardJavaTypeToXacmlAttributeDatatypeConversionTest" time="0.003"/>
  <testcase name="test[14: [0] -&gt; http://www.w3.org/2001/XMLSchema#integer]" classname="org.ow2.authzforce.core.pdp.impl.test.value.StandardJavaTypeToXacmlAttributeDatatypeConversionTest" time="0.002"/>
  <testcase name="test[15: [9223372036854775808] -&gt; http://www.w3.org/2001/XMLSchema#integer]" classname="org.ow2.authzforce.core.pdp.impl.test.value.StandardJavaTypeToXacmlAttributeDatatypeConversionTest" time="0.001"/>
  <testcase name="test[16: [9223372036854775808] -&gt; http://www.w3.org/2001/XMLSchema#integer]" classname="org.ow2.authzforce.core.pdp.impl.test.value.StandardJavaTypeToXacmlAttributeDatatypeConversionTest" time="0.0"/>
  <testcase name="test[17: [9223372036854775808] -&gt; http://www.w3.org/2001/XMLSchema#integer]" classname="org.ow2.authzforce.core.pdp.impl.test.value.StandardJavaTypeToXacmlAttributeDatatypeConversionTest" time="0.002"/>
  <testcase name="test[18: [32767, 2147483647, 0, 0] -&gt; http://www.w3.org/2001/XMLSchema#integer]" classname="org.ow2.authzforce.core.pdp.impl.test.value.StandardJavaTypeToXacmlAttributeDatatypeConversionTest" time="0.005"/>
  <testcase name="test[19: [32767, 2147483647, 9223372036854775807, 0] -&gt; http://www.w3.org/2001/XMLSchema#integer]" classname="org.ow2.authzforce.core.pdp.impl.test.value.StandardJavaTypeToXacmlAttributeDatatypeConversionTest" time="0.001"/>
  <testcase name="test[20: [32767, 2147483647, 9223372036854775807, 9223372036854775808] -&gt; http://www.w3.org/2001/XMLSchema#integer]" classname="org.ow2.authzforce.core.pdp.impl.test.value.StandardJavaTypeToXacmlAttributeDatatypeConversionTest" time="0.002"/>
  <testcase name="test[21: [null] -&gt; http://www.w3.org/2001/XMLSchema#double]" classname="org.ow2.authzforce.core.pdp.impl.test.value.StandardJavaTypeToXacmlAttributeDatatypeConversionTest" time="0.001"/>
  <testcase name="test[22: [2.2250738585072014E-308] -&gt; http://www.w3.org/2001/XMLSchema#double]" classname="org.ow2.authzforce.core.pdp.impl.test.value.StandardJavaTypeToXacmlAttributeDatatypeConversionTest" time="0.002"/>
  <testcase name="test[23: [1.17549435E-38] -&gt; http://www.w3.org/2001/XMLSchema#double]" classname="org.ow2.authzforce.core.pdp.impl.test.value.StandardJavaTypeToXacmlAttributeDatatypeConversionTest" time="0.002"/>
  <testcase name="test[24: [1.17549435E-38, 2.2250738585072014E-308] -&gt; http://www.w3.org/2001/XMLSchema#double]" classname="org.ow2.authzforce.core.pdp.impl.test.value.StandardJavaTypeToXacmlAttributeDatatypeConversionTest" time="0.002"/>
  <testcase name="test[25: [null] -&gt; http://www.w3.org/2001/XMLSchema#time]" classname="org.ow2.authzforce.core.pdp.impl.test.value.StandardJavaTypeToXacmlAttributeDatatypeConversionTest" time="0.0"/>
  <testcase name="test[26: [15:17:24.838155] -&gt; http://www.w3.org/2001/XMLSchema#time]" classname="org.ow2.authzforce.core.pdp.impl.test.value.StandardJavaTypeToXacmlAttributeDatatypeConversionTest" time="0.002"/>
  <testcase name="test[27: [15:17:24.840155800-05:00] -&gt; http://www.w3.org/2001/XMLSchema#time]" classname="org.ow2.authzforce.core.pdp.impl.test.value.StandardJavaTypeToXacmlAttributeDatatypeConversionTest" time="0.002"/>
  <testcase name="test[28: [15:17:24.840155800, 15:17:24.840155800-05:00] -&gt; http://www.w3.org/2001/XMLSchema#time]" classname="org.ow2.authzforce.core.pdp.impl.test.value.StandardJavaTypeToXacmlAttributeDatatypeConversionTest" time="0.002"/>
  <testcase name="test[29: [null] -&gt; http://www.w3.org/2001/XMLSchema#date]" classname="org.ow2.authzforce.core.pdp.impl.test.value.StandardJavaTypeToXacmlAttributeDatatypeConversionTest" time="0.0"/>
  <testcase name="test[30: [2025-03-12] -&gt; http://www.w3.org/2001/XMLSchema#date]" classname="org.ow2.authzforce.core.pdp.impl.test.value.StandardJavaTypeToXacmlAttributeDatatypeConversionTest" time="0.002"/>
  <testcase name="test[31: [null] -&gt; http://www.w3.org/2001/XMLSchema#dateTime]" classname="org.ow2.authzforce.core.pdp.impl.test.value.StandardJavaTypeToXacmlAttributeDatatypeConversionTest" time="0.0"/>
  <testcase name="test[32: [2025-03-12T15:17:24.840155800] -&gt; http://www.w3.org/2001/XMLSchema#dateTime]" classname="org.ow2.authzforce.core.pdp.impl.test.value.StandardJavaTypeToXacmlAttributeDatatypeConversionTest" time="0.001"/>
  <testcase name="test[33: [2025-03-12T15:17:24.840155800-05:00] -&gt; http://www.w3.org/2001/XMLSchema#dateTime]" classname="org.ow2.authzforce.core.pdp.impl.test.value.StandardJavaTypeToXacmlAttributeDatatypeConversionTest" time="0.001"/>
  <testcase name="test[34: [2025-03-12T15:17:24.840155800-05:00[America/Chicago]] -&gt; http://www.w3.org/2001/XMLSchema#dateTime]" classname="org.ow2.authzforce.core.pdp.impl.test.value.StandardJavaTypeToXacmlAttributeDatatypeConversionTest" time="0.003"/>
  <testcase name="test[35: [2025-03-12T20:17:24.840155800Z] -&gt; http://www.w3.org/2001/XMLSchema#dateTime]" classname="org.ow2.authzforce.core.pdp.impl.test.value.StandardJavaTypeToXacmlAttributeDatatypeConversionTest" time="0.003"/>
  <testcase name="test[36: [2025-03-12T15:17:24.840155800, 2025-03-12T15:17:24.840155800-05:00, 2025-03-12T15:17:24.840155800-05:00[America/Chicago], 2025-03-12T20:17:24.840155800Z] -&gt; http://www.w3.org/2001/XMLSchema#dateTime]" classname="org.ow2.authzforce.core.pdp.impl.test.value.StandardJavaTypeToXacmlAttributeDatatypeConversionTest" time="0.001"/>
  <testcase name="test[37: [2025-03-12T15:17:24.840155800] -&gt; http://www.w3.org/2001/XMLSchema#dateTime]" classname="org.ow2.authzforce.core.pdp.impl.test.value.StandardJavaTypeToXacmlAttributeDatatypeConversionTest" time="0.002"/>
  <testcase name="test[38: [] -&gt; http://www.w3.org/2001/XMLSchema#anyURI]" classname="org.ow2.authzforce.core.pdp.impl.test.value.StandardJavaTypeToXacmlAttributeDatatypeConversionTest" time="0.002"/>
  <testcase name="test[39: [null] -&gt; http://www.w3.org/2001/XMLSchema#hexBinary]" classname="org.ow2.authzforce.core.pdp.impl.test.value.StandardJavaTypeToXacmlAttributeDatatypeConversionTest" time="0.0"/>
  <testcase name="test[40: [[B@460f76a6] -&gt; http://www.w3.org/2001/XMLSchema#hexBinary]" classname="org.ow2.authzforce.core.pdp.impl.test.value.StandardJavaTypeToXacmlAttributeDatatypeConversionTest" time="0.002"/>
  <testcase name="test[41: [[B@55f3c410] -&gt; http://www.w3.org/2001/XMLSchema#hexBinary]" classname="org.ow2.authzforce.core.pdp.impl.test.value.StandardJavaTypeToXacmlAttributeDatatypeConversionTest" time="0.001"/>
  <testcase name="test[42: [[B@11acdc30] -&gt; http://www.w3.org/2001/XMLSchema#hexBinary]" classname="org.ow2.authzforce.core.pdp.impl.test.value.StandardJavaTypeToXacmlAttributeDatatypeConversionTest" time="0.002"/>
  <testcase name="test[43: [null] -&gt; urn:oasis:names:tc:xacml:1.0:data-type:x500Name]" classname="org.ow2.authzforce.core.pdp.impl.test.value.StandardJavaTypeToXacmlAttributeDatatypeConversionTest" time="0.0"/>
  <testcase name="test[44: [CN=someCN] -&gt; urn:oasis:names:tc:xacml:1.0:data-type:x500Name]" classname="org.ow2.authzforce.core.pdp.impl.test.value.StandardJavaTypeToXacmlAttributeDatatypeConversionTest" time="0.002"/>
  <testcase name="test[45: [0, 2025-03-12] -&gt; http://www.w3.org/2001/XMLSchema#integer]" classname="org.ow2.authzforce.core.pdp.impl.test.value.StandardJavaTypeToXacmlAttributeDatatypeConversionTest" time="0.0"/>
  <testcase name="test[46: [Wed Mar 12 15:17:24 CDT 2025] -&gt; http://www.w3.org/2001/XMLSchema#dateTime]" classname="org.ow2.authzforce.core.pdp.impl.test.value.StandardJavaTypeToXacmlAttributeDatatypeConversionTest" time="0.0"/>
</testsuite>